Using pre-set license
Built from '2022.3/release' branch; Version is '2022.3.12f1 (4fe6e059c7ef) revision 5236448'; Using compiler version '192829333'; Build Type 'Release'
OS: 'Windows 10  (10.0.19045) 64bit Professional' Language: 'tr' Physical Memory: 16296 MB
BatchMode: 1, IsHumanControllingUs: 0, StartBugReporterOnCrash: 0, Is64bit: 1, IsPro: 1

COMMAND LINE ARGUMENTS:
C:\Program Files\Unity\Hub\Editor\2022.3.12f1\Editor\Unity.exe
-adb2
-batchMode
-noUpm
-name
AssetImportWorker1
-projectPath
C:/Users/UÄŸurcan/mobileMenu
-logFile
Logs/AssetImportWorker1.log
-srvPort
55026
Successfully changed project path to: C:/Users/UÄŸurcan/mobileMenu
C:/Users/UÄŸurcan/mobileMenu
[UnityMemory] Configuration Parameters - Can be set up in boot.config
    "memorysetup-bucket-allocator-granularity=16"
    "memorysetup-bucket-allocator-bucket-count=8"
    "memorysetup-bucket-allocator-block-size=33554432"
    "memorysetup-bucket-allocator-block-count=8"
    "memorysetup-main-allocator-block-size=16777216"
    "memorysetup-thread-allocator-block-size=16777216"
    "memorysetup-gfx-main-allocator-block-size=16777216"
    "memorysetup-gfx-thread-allocator-block-size=16777216"
    "memorysetup-cache-allocator-block-size=4194304"
    "memorysetup-typetree-allocator-block-size=2097152"
    "memorysetup-profiler-bucket-allocator-granularity=16"
    "memorysetup-profiler-bucket-allocator-bucket-count=8"
    "memorysetup-profiler-bucket-allocator-block-size=33554432"
    "memorysetup-profiler-bucket-allocator-block-count=8"
    "memorysetup-profiler-allocator-block-size=16777216"
    "memorysetup-profiler-editor-allocator-block-size=1048576"
    "memorysetup-temp-allocator-size-main=16777216"
    "memorysetup-job-temp-allocator-block-size=2097152"
    "memorysetup-job-temp-allocator-block-size-background=1048576"
    "memorysetup-job-temp-allocator-reduction-small-platforms=262144"
    "memorysetup-allocator-temp-initial-block-size-main=262144"
    "memorysetup-allocator-temp-initial-block-size-worker=262144"
    "memorysetup-temp-allocator-size-background-worker=32768"
    "memorysetup-temp-allocator-size-job-worker=262144"
    "memorysetup-temp-allocator-size-preload-manager=33554432"
    "memorysetup-temp-allocator-size-nav-mesh-worker=65536"
    "memorysetup-temp-allocator-size-audio-worker=65536"
    "memorysetup-temp-allocator-size-cloud-worker=32768"
    "memorysetup-temp-allocator-size-gi-baking-worker=262144"
    "memorysetup-temp-allocator-size-gfx=262144"
Player connection [8508] Host "[IP] 192.168.0.30 [Port] 0 [Flags] 2 [Guid] 1200030065 [EditorId] 1200030065 [Version] 1048832 [Id] WindowsEditor(7,DESKTOP-V5R8UQS) [Debug] 1 [PackageName] WindowsEditor [ProjectName] Editor" joined multi-casting on [225.0.0.222:54997]...

Player connection [8508] Host "[IP] 192.168.0.30 [Port] 0 [Flags] 2 [Guid] 1200030065 [EditorId] 1200030065 [Version] 1048832 [Id] WindowsEditor(7,DESKTOP-V5R8UQS) [Debug] 1 [PackageName] WindowsEditor [ProjectName] Editor" joined alternative multi-casting on [225.0.0.222:34997]...

[Physics::Module] Initialized MultithreadedJobDispatcher with 11 workers.
Refreshing native plugins compatible for Editor in 7.18 ms, found 3 plugins.
Preloading 0 native plugins for Editor in 0.00 ms.
Initialize engine version: 2022.3.12f1 (4fe6e059c7ef)
[Subsystems] Discovering subsystems at path C:/Program Files/Unity/Hub/Editor/2022.3.12f1/Editor/Data/Resources/UnitySubsystems
[Subsystems] Discovering subsystems at path C:/Users/UÄŸurcan/mobileMenu/Assets
GfxDevice: creating device client; threaded=0; jobified=0
Direct3D:
    Version:  Direct3D 11.0 [level 11.1]
    Renderer: NVIDIA GeForce RTX 2060 SUPER (ID=0x1f06)
    Vendor:   NVIDIA
    VRAM:     8019 MB
    Driver:   31.0.15.4592
Initialize mono
Mono path[0] = 'C:/Program Files/Unity/Hub/Editor/2022.3.12f1/Editor/Data/Managed'
Mono path[1] = 'C:/Program Files/Unity/Hub/Editor/2022.3.12f1/Editor/Data/MonoBleedingEdge/lib/mono/unityjit-win32'
Mono config path = 'C:/Program Files/Unity/Hub/Editor/2022.3.12f1/Editor/Data/MonoBleedingEdge/etc'
Using monoOptions --debugger-agent=transport=dt_socket,embedding=1,server=y,suspend=n,address=127.0.0.1:56672
Begin MonoManager ReloadAssembly
Registering precompiled unity dll's ...
Register platform support module: C:/Program Files/Unity/Hub/Editor/2022.3.12f1/Editor/Data/PlaybackEngines/WebGLSupport/UnityEditor.WebGL.Extensions.dll
Register platform support module: C:/Program Files/Unity/Hub/Editor/2022.3.12f1/Editor/Data/PlaybackEngines/WindowsStandaloneSupport/UnityEditor.WindowsStandalone.Extensions.dll
Registered in 0.009262 seconds.
- Loaded All Assemblies, in  0.329 seconds
Native extension for WindowsStandalone target not found
Native extension for WebGL target not found
Mono: successfully reloaded assembly
- Finished resetting the current domain, in  0.254 seconds
Domain Reload Profiling: 582ms
	BeginReloadAssembly (94ms)
		ExecutionOrderSort (0ms)
		DisableScriptedObjects (0ms)
		BackupInstance (0ms)
		ReleaseScriptingObjects (0ms)
		CreateAndSetChildDomain (1ms)
	RebuildCommonClasses (34ms)
	RebuildNativeTypeToScriptingClass (12ms)
	initialDomainReloadingComplete (57ms)
	LoadAllAssembliesAndSetupDomain (132ms)
		LoadAssemblies (92ms)
		RebuildTransferFunctionScriptingTraits (0ms)
		AnalyzeDomain (130ms)
			TypeCache.Refresh (128ms)
				TypeCache.ScanAssembly (114ms)
			ScanForSourceGeneratedMonoScriptInfo (0ms)
			ResolveRequiredComponents (1ms)
	FinalizeReload (254ms)
		ReleaseScriptCaches (0ms)
		RebuildScriptCaches (0ms)
		SetupLoadedEditorAssemblies (197ms)
			LogAssemblyErrors (0ms)
			InitializePlatformSupportModulesInManaged (10ms)
			SetLoadedEditorAssemblies (4ms)
			RefreshPlugins (0ms)
			BeforeProcessingInitializeOnLoad (2ms)
			ProcessInitializeOnLoadAttributes (134ms)
			ProcessInitializeOnLoadMethodAttributes (46ms)
			AfterProcessingInitializeOnLoad (0ms)
			EditorAssembliesLoaded (0ms)
		ExecutionOrderSort2 (0ms)
		AwakeInstancesAfterBackupRestoration (0ms)
========================================================================
Worker process is ready to serve import requests
Begin MonoManager ReloadAssembly
- Loaded All Assemblies, in  0.587 seconds
Refreshing native plugins compatible for Editor in 2.52 ms, found 3 plugins.
Native extension for WindowsStandalone target not found
Native extension for WebGL target not found
Package Manager log level set to [2]
[Package Manager] Server::EnsureServerProcessIsRunning -- launch failed, reason: Unity was launched with the -noUpm command-line argument
[Package Manager] UpmClient::Send -- Unable to send message (not connected to UPM process).
[Package Manager] Cannot connect to Unity Package Manager local server
Mono: successfully reloaded assembly
- Finished resetting the current domain, in  0.499 seconds
Domain Reload Profiling: 1084ms
	BeginReloadAssembly (154ms)
		ExecutionOrderSort (0ms)
		DisableScriptedObjects (7ms)
		BackupInstance (0ms)
		ReleaseScriptingObjects (0ms)
		CreateAndSetChildDomain (22ms)
	RebuildCommonClasses (40ms)
	RebuildNativeTypeToScriptingClass (12ms)
	initialDomainReloadingComplete (44ms)
	LoadAllAssembliesAndSetupDomain (334ms)
		LoadAssemblies (263ms)
		RebuildTransferFunctionScriptingTraits (0ms)
		AnalyzeDomain (159ms)
			TypeCache.Refresh (143ms)
				TypeCache.ScanAssembly (131ms)
			ScanForSourceGeneratedMonoScriptInfo (11ms)
			ResolveRequiredComponents (3ms)
	FinalizeReload (500ms)
		ReleaseScriptCaches (0ms)
		RebuildScriptCaches (0ms)
		SetupLoadedEditorAssemblies (360ms)
			LogAssemblyErrors (0ms)
			InitializePlatformSupportModulesInManaged (7ms)
			SetLoadedEditorAssemblies (4ms)
			RefreshPlugins (0ms)
			BeforeProcessingInitializeOnLoad (54ms)
			ProcessInitializeOnLoadAttributes (263ms)
			ProcessInitializeOnLoadMethodAttributes (23ms)
			AfterProcessingInitializeOnLoad (9ms)
			EditorAssembliesLoaded (0ms)
		ExecutionOrderSort2 (0ms)
		AwakeInstancesAfterBackupRestoration (8ms)
Launched and connected shader compiler UnityShaderCompiler.exe after 0.04 seconds
Refreshing native plugins compatible for Editor in 4.74 ms, found 3 plugins.
Preloading 0 native plugins for Editor in 0.00 ms.
Unloading 3082 Unused Serialized files (Serialized files now loaded: 0)
Unloading 32 unused Assets / (57.0 KB). Loaded Objects now: 3543.
Memory consumption went from 120.7 MB to 120.6 MB.
Total: 4.177100 ms (FindLiveObjects: 0.662500 ms CreateObjectMapping: 0.199600 ms MarkObjects: 3.197500 ms  DeleteObjects: 0.115500 ms)

AssetImportParameters requested are different than current active one (requested -> active):
  custom:container-demuxer-ogg: 62fdf1f143b41e24485cea50d1cbac27 -> 
  custom:video-decoder-ogg-theora: a1e56fd34408186e4bbccfd4996cb3dc -> 
  custom:framework-win-MediaFoundation: 216162199b28c13a410421893ffa2e32 -> 
  custom:CustomObjectIndexerAttribute: 756ad292c208cfabdd7b50bc23989ffe -> 
  custom:container-demuxer-webm: 4f35f7cbe854078d1ac9338744f61a02 -> 
  custom:container-muxer-webm: aa71ff27fc2769a1b78a27578f13a17b -> 
  custom:video-decoder-webm-vp8: 9c59270c3fd7afecdb556c50c9e8de78 -> 
  custom:SearchIndexIgnoredProperties: e643bd26f0fe6173181afceb89e7c659 -> 
  custom:AudioImporter_EditorPlatform: d09bf68614088b80899f8185d706f6e7 -> 
  custom:video-encoder-webm-vp8: eb34c28f22e8b96e1ab97ce403110664 -> 
  custom:audio-decoder-ogg-vorbis: bf7c407c2cedff20999df2af8eb42d56 -> 
  custom:audio-encoder-webm-vorbis: bf7c407c2cedff20999df2af8eb42d56 -> 
========================================================================
Received Prepare
Begin MonoManager ReloadAssembly
- Loaded All Assemblies, in  0.365 seconds
Refreshing native plugins compatible for Editor in 2.58 ms, found 3 plugins.
Native extension for WindowsStandalone target not found
Native extension for WebGL target not found
[Package Manager] Server::EnsureServerProcessIsRunning -- launch failed, reason: Unity was launched with the -noUpm command-line argument
[Package Manager] UpmClient::Send -- Unable to send message (not connected to UPM process).
[Package Manager] Cannot connect to Unity Package Manager local server
Mono: successfully reloaded assembly
- Finished resetting the current domain, in  0.766 seconds
Domain Reload Profiling: 1129ms
	BeginReloadAssembly (135ms)
		ExecutionOrderSort (0ms)
		DisableScriptedObjects (5ms)
		BackupInstance (0ms)
		ReleaseScriptingObjects (0ms)
		CreateAndSetChildDomain (26ms)
	RebuildCommonClasses (30ms)
	RebuildNativeTypeToScriptingClass (10ms)
	initialDomainReloadingComplete (25ms)
	LoadAllAssembliesAndSetupDomain (163ms)
		LoadAssemblies (221ms)
		RebuildTransferFunctionScriptingTraits (0ms)
		AnalyzeDomain (9ms)
			TypeCache.Refresh (5ms)
				TypeCache.ScanAssembly (0ms)
			ScanForSourceGeneratedMonoScriptInfo (0ms)
			ResolveRequiredComponents (4ms)
	FinalizeReload (766ms)
		ReleaseScriptCaches (0ms)
		RebuildScriptCaches (0ms)
		SetupLoadedEditorAssemblies (353ms)
			LogAssemblyErrors (0ms)
			InitializePlatformSupportModulesInManaged (8ms)
			SetLoadedEditorAssemblies (4ms)
			RefreshPlugins (0ms)
			BeforeProcessingInitializeOnLoad (59ms)
			ProcessInitializeOnLoadAttributes (256ms)
			ProcessInitializeOnLoadMethodAttributes (18ms)
			AfterProcessingInitializeOnLoad (8ms)
			EditorAssembliesLoaded (0ms)
		ExecutionOrderSort2 (0ms)
		AwakeInstancesAfterBackupRestoration (6ms)
Refreshing native plugins compatible for Editor in 4.08 ms, found 3 plugins.
Preloading 0 native plugins for Editor in 0.00 ms.
Unloading 3075 Unused Serialized files (Serialized files now loaded: 0)
Unloading 23 unused Assets / (31.0 KB). Loaded Objects now: 3546.
Memory consumption went from 121.7 MB to 121.6 MB.
Total: 3.950900 ms (FindLiveObjects: 0.371800 ms CreateObjectMapping: 0.100800 ms MarkObjects: 3.398600 ms  DeleteObjects: 0.078600 ms)

Prepare: number of updated asset objects reloaded= 0
AssetImportParameters requested are different than current active one (requested -> active):
  custom:container-demuxer-ogg: 62fdf1f143b41e24485cea50d1cbac27 -> 
  custom:video-decoder-ogg-theora: a1e56fd34408186e4bbccfd4996cb3dc -> 
  custom:framework-win-MediaFoundation: 216162199b28c13a410421893ffa2e32 -> 
  custom:CustomObjectIndexerAttribute: 756ad292c208cfabdd7b50bc23989ffe -> 
  custom:container-demuxer-webm: 4f35f7cbe854078d1ac9338744f61a02 -> 
  custom:container-muxer-webm: aa71ff27fc2769a1b78a27578f13a17b -> 
  custom:video-decoder-webm-vp8: 9c59270c3fd7afecdb556c50c9e8de78 -> 
  custom:SearchIndexIgnoredProperties: e643bd26f0fe6173181afceb89e7c659 -> 
  custom:AudioImporter_EditorPlatform: d09bf68614088b80899f8185d706f6e7 -> 
  custom:video-encoder-webm-vp8: eb34c28f22e8b96e1ab97ce403110664 -> 
  custom:audio-decoder-ogg-vorbis: bf7c407c2cedff20999df2af8eb42d56 -> 
  custom:audio-encoder-webm-vorbis: bf7c407c2cedff20999df2af8eb42d56 -> 
========================================================================
Received Prepare
Begin MonoManager ReloadAssembly
- Loaded All Assemblies, in  0.371 seconds
Refreshing native plugins compatible for Editor in 2.81 ms, found 3 plugins.
Native extension for WindowsStandalone target not found
Native extension for WebGL target not found
[Package Manager] Server::EnsureServerProcessIsRunning -- launch failed, reason: Unity was launched with the -noUpm command-line argument
[Package Manager] UpmClient::Send -- Unable to send message (not connected to UPM process).
[Package Manager] Cannot connect to Unity Package Manager local server
Mono: successfully reloaded assembly
- Finished resetting the current domain, in  0.730 seconds
Domain Reload Profiling: 1098ms
	BeginReloadAssembly (139ms)
		ExecutionOrderSort (0ms)
		DisableScriptedObjects (7ms)
		BackupInstance (0ms)
		ReleaseScriptingObjects (0ms)
		CreateAndSetChildDomain (29ms)
	RebuildCommonClasses (30ms)
	RebuildNativeTypeToScriptingClass (13ms)
	initialDomainReloadingComplete (26ms)
	LoadAllAssembliesAndSetupDomain (160ms)
		LoadAssemblies (223ms)
		RebuildTransferFunctionScriptingTraits (0ms)
		AnalyzeDomain (9ms)
			TypeCache.Refresh (5ms)
				TypeCache.ScanAssembly (0ms)
			ScanForSourceGeneratedMonoScriptInfo (0ms)
			ResolveRequiredComponents (4ms)
	FinalizeReload (730ms)
		ReleaseScriptCaches (0ms)
		RebuildScriptCaches (0ms)
		SetupLoadedEditorAssemblies (336ms)
			LogAssemblyErrors (0ms)
			InitializePlatformSupportModulesInManaged (7ms)
			SetLoadedEditorAssemblies (4ms)
			RefreshPlugins (0ms)
			BeforeProcessingInitializeOnLoad (62ms)
			ProcessInitializeOnLoadAttributes (240ms)
			ProcessInitializeOnLoadMethodAttributes (16ms)
			AfterProcessingInitializeOnLoad (7ms)
			EditorAssembliesLoaded (0ms)
		ExecutionOrderSort2 (0ms)
		AwakeInstancesAfterBackupRestoration (6ms)
Refreshing native plugins compatible for Editor in 3.89 ms, found 3 plugins.
Preloading 0 native plugins for Editor in 0.00 ms.
Unloading 3076 Unused Serialized files (Serialized files now loaded: 0)
Unloading 23 unused Assets / (31.0 KB). Loaded Objects now: 3550.
Memory consumption went from 123.7 MB to 123.6 MB.
Total: 2.447900 ms (FindLiveObjects: 0.248000 ms CreateObjectMapping: 0.078300 ms MarkObjects: 2.085500 ms  DeleteObjects: 0.035300 ms)

Prepare: number of updated asset objects reloaded= 0
AssetImportParameters requested are different than current active one (requested -> active):
  custom:container-demuxer-ogg: 62fdf1f143b41e24485cea50d1cbac27 -> 
  custom:video-decoder-ogg-theora: a1e56fd34408186e4bbccfd4996cb3dc -> 
  custom:framework-win-MediaFoundation: 216162199b28c13a410421893ffa2e32 -> 
  custom:CustomObjectIndexerAttribute: 756ad292c208cfabdd7b50bc23989ffe -> 
  custom:container-demuxer-webm: 4f35f7cbe854078d1ac9338744f61a02 -> 
  custom:container-muxer-webm: aa71ff27fc2769a1b78a27578f13a17b -> 
  custom:video-decoder-webm-vp8: 9c59270c3fd7afecdb556c50c9e8de78 -> 
  custom:SearchIndexIgnoredProperties: e643bd26f0fe6173181afceb89e7c659 -> 
  custom:AudioImporter_EditorPlatform: d09bf68614088b80899f8185d706f6e7 -> 
  custom:video-encoder-webm-vp8: eb34c28f22e8b96e1ab97ce403110664 -> 
  custom:audio-decoder-ogg-vorbis: bf7c407c2cedff20999df2af8eb42d56 -> 
  custom:audio-encoder-webm-vorbis: bf7c407c2cedff20999df2af8eb42d56 -> 
========================================================================
Received Import Request.
  Time since last request: 162535.442675 seconds.
  path: Assets/RPG&Fantasy Mobile GUI/buttons/button_09.png
  artifactKey: Guid(261f5205945a1e827896b2dea5be771a) Importer(815301076,1909f56bfc062723c751e8b465ee728b)
Start importing Assets/RPG&Fantasy Mobile GUI/buttons/button_09.png using Guid(261f5205945a1e827896b2dea5be771a) Importer(815301076,1909f56bfc062723c751e8b465ee728b)  -> (artifact id: 'b4892306a1d199924a6808f3a0543c9a') in 0.106321 seconds
Number of updated asset objects reloaded before import = 0
Number of asset objects unloaded after import = 3
========================================================================
Received Import Request.
  Time since last request: 0.000020 seconds.
  path: Assets/RPG&Fantasy Mobile GUI/buttons/button_27.png
  artifactKey: Guid(c15c7ceb0e1aa97a8be0a6158050e317) Importer(815301076,1909f56bfc062723c751e8b465ee728b)
Start importing Assets/RPG&Fantasy Mobile GUI/buttons/button_27.png using Guid(c15c7ceb0e1aa97a8be0a6158050e317) Importer(815301076,1909f56bfc062723c751e8b465ee728b)  -> (artifact id: '86e1e2b9d5e21c8f2e2c6268fc89cba3') in 0.020271 seconds
Number of updated asset objects reloaded before import = 0
Number of asset objects unloaded after import = 3
========================================================================
Received Import Request.
  Time since last request: 0.000025 seconds.
  path: Assets/RPG&Fantasy Mobile GUI/buttons/button_pressed_02.png
  artifactKey: Guid(4a9a231c55052bc4db4c902f24b3240b) Importer(815301076,1909f56bfc062723c751e8b465ee728b)
Start importing Assets/RPG&Fantasy Mobile GUI/buttons/button_pressed_02.png using Guid(4a9a231c55052bc4db4c902f24b3240b) Importer(815301076,1909f56bfc062723c751e8b465ee728b)  -> (artifact id: '3b62e6b1de660d7819668fbc1ebbbe70') in 0.021545 seconds
Number of updated asset objects reloaded before import = 0
Number of asset objects unloaded after import = 3
========================================================================
Received Import Request.
  Time since last request: 0.000013 seconds.
  path: Assets/RPG&Fantasy Mobile GUI/buttons/button_pressed_10.png
  artifactKey: Guid(3bbbd6c08a60774e89c4c4ca6332bc0f) Importer(815301076,1909f56bfc062723c751e8b465ee728b)
Start importing Assets/RPG&Fantasy Mobile GUI/buttons/button_pressed_10.png using Guid(3bbbd6c08a60774e89c4c4ca6332bc0f) Importer(815301076,1909f56bfc062723c751e8b465ee728b)  -> (artifact id: 'fac81dd98d30664f168113c441e90c1f') in 0.022734 seconds
Number of updated asset objects reloaded before import = 0
Number of asset objects unloaded after import = 3
========================================================================
Received Import Request.
  Time since last request: 0.000015 seconds.
  path: Assets/RPG&Fantasy Mobile GUI/buttons/button_13.png
  artifactKey: Guid(8b9463e0886cf501fb03315cc93ed0e3) Importer(815301076,1909f56bfc062723c751e8b465ee728b)
Start importing Assets/RPG&Fantasy Mobile GUI/buttons/button_13.png using Guid(8b9463e0886cf501fb03315cc93ed0e3) Importer(815301076,1909f56bfc062723c751e8b465ee728b)  -> (artifact id: '5eecb48b36a1bcae2a868ec2bda69f39') in 0.026267 seconds
Number of updated asset objects reloaded before import = 0
Number of asset objects unloaded after import = 3
========================================================================
Received Import Request.
  Time since last request: 0.000021 seconds.
  path: Assets/RPG&Fantasy Mobile GUI/buttons/button_pressed_16.png
  artifactKey: Guid(2d9714816b0e39d668072a3a36af7068) Importer(815301076,1909f56bfc062723c751e8b465ee728b)
Start importing Assets/RPG&Fantasy Mobile GUI/buttons/button_pressed_16.png using Guid(2d9714816b0e39d668072a3a36af7068) Importer(815301076,1909f56bfc062723c751e8b465ee728b)  -> (artifact id: 'f1f021bdf8131ec952a5022425ff8f90') in 0.025443 seconds
Number of updated asset objects reloaded before import = 0
Number of asset objects unloaded after import = 3
========================================================================
Received Import Request.
  Time since last request: 0.000014 seconds.
  path: Assets/RPG&Fantasy Mobile GUI/buttons/button_23.png
  artifactKey: Guid(ba8454272246bf1d2a8bd22a1e69f279) Importer(815301076,1909f56bfc062723c751e8b465ee728b)
Start importing Assets/RPG&Fantasy Mobile GUI/buttons/button_23.png using Guid(ba8454272246bf1d2a8bd22a1e69f279) Importer(815301076,1909f56bfc062723c751e8b465ee728b)  -> (artifact id: '9c3b31e31da88447273b0ce964575136') in 0.022433 seconds
Number of updated asset objects reloaded before import = 0
Number of asset objects unloaded after import = 3
========================================================================
Received Import Request.
  Time since last request: 0.000050 seconds.
  path: Assets/RPG&Fantasy Mobile GUI/buttons/button_26.png
  artifactKey: Guid(b8cd989331fac3cf69d0866b8253dd9c) Importer(815301076,1909f56bfc062723c751e8b465ee728b)
Start importing Assets/RPG&Fantasy Mobile GUI/buttons/button_26.png using Guid(b8cd989331fac3cf69d0866b8253dd9c) Importer(815301076,1909f56bfc062723c751e8b465ee728b)  -> (artifact id: '9d96ded0d4e781266fa0794e6f2adf31') in 0.020900 seconds
Number of updated asset objects reloaded before import = 0
Number of asset objects unloaded after import = 3
========================================================================
Received Import Request.
  Time since last request: 0.000016 seconds.
  path: Assets/RPG&Fantasy Mobile GUI/buttons/button_pressed_21.png
  artifactKey: Guid(6bc67af941a954bb1ba8c1b8dca4b0a1) Importer(815301076,1909f56bfc062723c751e8b465ee728b)
Start importing Assets/RPG&Fantasy Mobile GUI/buttons/button_pressed_21.png using Guid(6bc67af941a954bb1ba8c1b8dca4b0a1) Importer(815301076,1909f56bfc062723c751e8b465ee728b)  -> (artifact id: '73a596b3ab148d5fd0f53e6e38b9347d') in 0.019863 seconds
Number of updated asset objects reloaded before import = 0
Number of asset objects unloaded after import = 3
========================================================================
Received Import Request.
  Time since last request: 0.000015 seconds.
  path: Assets/RPG&Fantasy Mobile GUI/buttons/button_31.png
  artifactKey: Guid(fdb33f26e5fe3011da0e2b0a6b4218d7) Importer(815301076,1909f56bfc062723c751e8b465ee728b)
Start importing Assets/RPG&Fantasy Mobile GUI/buttons/button_31.png using Guid(fdb33f26e5fe3011da0e2b0a6b4218d7) Importer(815301076,1909f56bfc062723c751e8b465ee728b)  -> (artifact id: '248b3e3531079be6d6e28fbbb6bbef88') in 0.020675 seconds
Number of updated asset objects reloaded before import = 0
Number of asset objects unloaded after import = 3
========================================================================
Received Import Request.
  Time since last request: 0.000012 seconds.
  path: Assets/RPG&Fantasy Mobile GUI/buttons/button_29.png
  artifactKey: Guid(5a74f1c7856a6c849b0aefbb4a4b2737) Importer(815301076,1909f56bfc062723c751e8b465ee728b)
Start importing Assets/RPG&Fantasy Mobile GUI/buttons/button_29.png using Guid(5a74f1c7856a6c849b0aefbb4a4b2737) Importer(815301076,1909f56bfc062723c751e8b465ee728b)  -> (artifact id: '8e139edadfbadcf46965ab3844a54961') in 0.021703 seconds
Number of updated asset objects reloaded before import = 0
Number of asset objects unloaded after import = 3
========================================================================
Received Import Request.
  Time since last request: 0.000020 seconds.
  path: Assets/RPG&Fantasy Mobile GUI/buttons/button_pressed_12.png
  artifactKey: Guid(5a862bee92a9d960983624512046b957) Importer(815301076,1909f56bfc062723c751e8b465ee728b)
Start importing Assets/RPG&Fantasy Mobile GUI/buttons/button_pressed_12.png using Guid(5a862bee92a9d960983624512046b957) Importer(815301076,1909f56bfc062723c751e8b465ee728b)  -> (artifact id: 'b6913236b83265855c3ffb0b068d1052') in 0.025693 seconds
Number of updated asset objects reloaded before import = 0
Number of asset objects unloaded after import = 3
========================================================================
Received Import Request.
  Time since last request: 0.000020 seconds.
  path: Assets/RPG&Fantasy Mobile GUI/buttons/button_pressed_05.png
  artifactKey: Guid(5abbf79d5e0bc5f14ae559c8433e0106) Importer(815301076,1909f56bfc062723c751e8b465ee728b)
Start importing Assets/RPG&Fantasy Mobile GUI/buttons/button_pressed_05.png using Guid(5abbf79d5e0bc5f14ae559c8433e0106) Importer(815301076,1909f56bfc062723c751e8b465ee728b)  -> (artifact id: 'ff3c2e5bc36949fe7ca7f63cd75c2152') in 0.020802 seconds
Number of updated asset objects reloaded before import = 0
Number of asset objects unloaded after import = 3
========================================================================
Received Import Request.
  Time since last request: 0.000017 seconds.
  path: Assets/RPG&Fantasy Mobile GUI/buttons/button_pressed_14.png
  artifactKey: Guid(443738cc352e97492a281592694f3f49) Importer(815301076,1909f56bfc062723c751e8b465ee728b)
Start importing Assets/RPG&Fantasy Mobile GUI/buttons/button_pressed_14.png using Guid(443738cc352e97492a281592694f3f49) Importer(815301076,1909f56bfc062723c751e8b465ee728b)  -> (artifact id: 'dcb4d72d3495dbc780ae7ef6017c921e') in 0.018922 seconds
Number of updated asset objects reloaded before import = 0
Number of asset objects unloaded after import = 3
========================================================================
Received Import Request.
  Time since last request: 0.000018 seconds.
  path: Assets/RPG&Fantasy Mobile GUI/buttons/button_35.png
  artifactKey: Guid(1576c3618f407c580a82ae61707e204a) Importer(815301076,1909f56bfc062723c751e8b465ee728b)
Start importing Assets/RPG&Fantasy Mobile GUI/buttons/button_35.png using Guid(1576c3618f407c580a82ae61707e204a) Importer(815301076,1909f56bfc062723c751e8b465ee728b)  -> (artifact id: '2220dee3536a6d58979db647e3a2872f') in 0.019236 seconds
Number of updated asset objects reloaded before import = 0
Number of asset objects unloaded after import = 3
========================================================================
Received Import Request.
  Time since last request: 0.000020 seconds.
  path: Assets/RPG&Fantasy Mobile GUI/buttons/button_pressed_13.png
  artifactKey: Guid(45dd1180da247b2e99f2be4e23cfefa4) Importer(815301076,1909f56bfc062723c751e8b465ee728b)
Start importing Assets/RPG&Fantasy Mobile GUI/buttons/button_pressed_13.png using Guid(45dd1180da247b2e99f2be4e23cfefa4) Importer(815301076,1909f56bfc062723c751e8b465ee728b)  -> (artifact id: 'fdf4f32eef7f87ecf34854f4b15c6a89') in 0.018980 seconds
Number of updated asset objects reloaded before import = 0
Number of asset objects unloaded after import = 3
========================================================================
Received Import Request.
  Time since last request: 0.000014 seconds.
  path: Assets/RPG&Fantasy Mobile GUI/buttons/button_32.png
  artifactKey: Guid(a15c7568193b02880bd90afb66ab07bc) Importer(815301076,1909f56bfc062723c751e8b465ee728b)
Start importing Assets/RPG&Fantasy Mobile GUI/buttons/button_32.png using Guid(a15c7568193b02880bd90afb66ab07bc) Importer(815301076,1909f56bfc062723c751e8b465ee728b)  -> (artifact id: '7b6ee31b753ef8e2a646bdd0d3406f61') in 0.019077 seconds
Number of updated asset objects reloaded before import = 0
Number of asset objects unloaded after import = 3
========================================================================
Received Import Request.
  Time since last request: 0.000015 seconds.
  path: Assets/RPG&Fantasy Mobile GUI/buttons/button_pressed_19.png
  artifactKey: Guid(871bac8e5b57fb7d9a4e9644ba36f595) Importer(815301076,1909f56bfc062723c751e8b465ee728b)
Start importing Assets/RPG&Fantasy Mobile GUI/buttons/button_pressed_19.png using Guid(871bac8e5b57fb7d9a4e9644ba36f595) Importer(815301076,1909f56bfc062723c751e8b465ee728b)  -> (artifact id: '7fa01e3d403bd9fac3c4aa72caca73c0') in 0.018147 seconds
Number of updated asset objects reloaded before import = 0
Number of asset objects unloaded after import = 3
========================================================================
Received Import Request.
  Time since last request: 0.000014 seconds.
  path: Assets/RPG&Fantasy Mobile GUI/buttons/button_24.png
  artifactKey: Guid(fb4977fc70327a5c9bf748a061877f1e) Importer(815301076,1909f56bfc062723c751e8b465ee728b)
Start importing Assets/RPG&Fantasy Mobile GUI/buttons/button_24.png using Guid(fb4977fc70327a5c9bf748a061877f1e) Importer(815301076,1909f56bfc062723c751e8b465ee728b)  -> (artifact id: '71fb8996dba65c8d1925318551608b62') in 0.019642 seconds
Number of updated asset objects reloaded before import = 0
Number of asset objects unloaded after import = 3
========================================================================
Received Import Request.
  Time since last request: 0.000014 seconds.
  path: Assets/RPG&Fantasy Mobile GUI/buttons/button_34.png
  artifactKey: Guid(161af26c76133ea82a29b2fcd2ff3ada) Importer(815301076,1909f56bfc062723c751e8b465ee728b)
Start importing Assets/RPG&Fantasy Mobile GUI/buttons/button_34.png using Guid(161af26c76133ea82a29b2fcd2ff3ada) Importer(815301076,1909f56bfc062723c751e8b465ee728b)  -> (artifact id: '0cb05a85690ef8d47244abf0c62219c4') in 0.020630 seconds
Number of updated asset objects reloaded before import = 0
Number of asset objects unloaded after import = 3
Editor requested this worker to shutdown with reason: Scaling down because of idle timeout
TcpMessagingSession - receive error: operation aborted. errorcode: 995, details: Bir iþ parçacýðý çýkýþý veya bir uygulama isteði nedeniyle G/Ç iþlemi iptal edildi.
AssetImportWorker is now disconnected from the server
Process exiting
Exiting without the bug reporter. Application will terminate with return code 0