Using pre-set license
Built from '2022.3/release' branch; Version is '2022.3.12f1 (4fe6e059c7ef) revision 5236448'; Using compiler version '192829333'; Build Type 'Release'
OS: 'Windows 10  (10.0.19045) 64bit Professional' Language: 'tr' Physical Memory: 16296 MB
BatchMode: 1, IsHumanControllingUs: 0, StartBugReporterOnCrash: 0, Is64bit: 1, IsPro: 1

COMMAND LINE ARGUMENTS:
C:\Program Files\Unity\Hub\Editor\2022.3.12f1\Editor\Unity.exe
-adb2
-batchMode
-noUpm
-name
AssetImportWorker2
-projectPath
C:/Users/Uğurcan/mobileMenu
-logFile
Logs/AssetImportWorker2.log
-srvPort
55026
Successfully changed project path to: C:/Users/Uğurcan/mobileMenu
C:/Users/Uğurcan/mobileMenu
[UnityMemory] Configuration Parameters - Can be set up in boot.config
    "memorysetup-bucket-allocator-granularity=16"
    "memorysetup-bucket-allocator-bucket-count=8"
    "memorysetup-bucket-allocator-block-size=33554432"
    "memorysetup-bucket-allocator-block-count=8"
    "memorysetup-main-allocator-block-size=16777216"
    "memorysetup-thread-allocator-block-size=16777216"
    "memorysetup-gfx-main-allocator-block-size=16777216"
    "memorysetup-gfx-thread-allocator-block-size=16777216"
    "memorysetup-cache-allocator-block-size=4194304"
    "memorysetup-typetree-allocator-block-size=2097152"
    "memorysetup-profiler-bucket-allocator-granularity=16"
    "memorysetup-profiler-bucket-allocator-bucket-count=8"
    "memorysetup-profiler-bucket-allocator-block-size=33554432"
    "memorysetup-profiler-bucket-allocator-block-count=8"
    "memorysetup-profiler-allocator-block-size=16777216"
    "memorysetup-profiler-editor-allocator-block-size=1048576"
    "memorysetup-temp-allocator-size-main=16777216"
    "memorysetup-job-temp-allocator-block-size=2097152"
    "memorysetup-job-temp-allocator-block-size-background=1048576"
    "memorysetup-job-temp-allocator-reduction-small-platforms=262144"
    "memorysetup-allocator-temp-initial-block-size-main=262144"
    "memorysetup-allocator-temp-initial-block-size-worker=262144"
    "memorysetup-temp-allocator-size-background-worker=32768"
    "memorysetup-temp-allocator-size-job-worker=262144"
    "memorysetup-temp-allocator-size-preload-manager=33554432"
    "memorysetup-temp-allocator-size-nav-mesh-worker=65536"
    "memorysetup-temp-allocator-size-audio-worker=65536"
    "memorysetup-temp-allocator-size-cloud-worker=32768"
    "memorysetup-temp-allocator-size-gi-baking-worker=262144"
    "memorysetup-temp-allocator-size-gfx=262144"
Player connection [4664] Host "[IP] 192.168.0.30 [Port] 0 [Flags] 2 [Guid] 2636159653 [EditorId] 2636159653 [Version] 1048832 [Id] WindowsEditor(7,DESKTOP-V5R8UQS) [Debug] 1 [PackageName] WindowsEditor [ProjectName] Editor" joined multi-casting on [225.0.0.222:54997]...

Player connection [4664] Host "[IP] 192.168.0.30 [Port] 0 [Flags] 2 [Guid] 2636159653 [EditorId] 2636159653 [Version] 1048832 [Id] WindowsEditor(7,DESKTOP-V5R8UQS) [Debug] 1 [PackageName] WindowsEditor [ProjectName] Editor" joined alternative multi-casting on [225.0.0.222:34997]...

[Physics::Module] Initialized MultithreadedJobDispatcher with 11 workers.
Refreshing native plugins compatible for Editor in 7.98 ms, found 3 plugins.
Preloading 0 native plugins for Editor in 0.00 ms.
Initialize engine version: 2022.3.12f1 (4fe6e059c7ef)
[Subsystems] Discovering subsystems at path C:/Program Files/Unity/Hub/Editor/2022.3.12f1/Editor/Data/Resources/UnitySubsystems
[Subsystems] Discovering subsystems at path C:/Users/Uğurcan/mobileMenu/Assets
GfxDevice: creating device client; threaded=0; jobified=0
Direct3D:
    Version:  Direct3D 11.0 [level 11.1]
    Renderer: NVIDIA GeForce RTX 2060 SUPER (ID=0x1f06)
    Vendor:   NVIDIA
    VRAM:     8019 MB
    Driver:   31.0.15.4592
Initialize mono
Mono path[0] = 'C:/Program Files/Unity/Hub/Editor/2022.3.12f1/Editor/Data/Managed'
Mono path[1] = 'C:/Program Files/Unity/Hub/Editor/2022.3.12f1/Editor/Data/MonoBleedingEdge/lib/mono/unityjit-win32'
Mono config path = 'C:/Program Files/Unity/Hub/Editor/2022.3.12f1/Editor/Data/MonoBleedingEdge/etc'
Using monoOptions --debugger-agent=transport=dt_socket,embedding=1,server=y,suspend=n,address=127.0.0.1:56432
Begin MonoManager ReloadAssembly
Registering precompiled unity dll's ...
Register platform support module: C:/Program Files/Unity/Hub/Editor/2022.3.12f1/Editor/Data/PlaybackEngines/WebGLSupport/UnityEditor.WebGL.Extensions.dll
Register platform support module: C:/Program Files/Unity/Hub/Editor/2022.3.12f1/Editor/Data/PlaybackEngines/WindowsStandaloneSupport/UnityEditor.WindowsStandalone.Extensions.dll
Registered in 0.008552 seconds.
- Loaded All Assemblies, in  0.307 seconds
Native extension for WindowsStandalone target not found
Native extension for WebGL target not found
Mono: successfully reloaded assembly
- Finished resetting the current domain, in  0.213 seconds
Domain Reload Profiling: 519ms
	BeginReloadAssembly (95ms)
		ExecutionOrderSort (0ms)
		DisableScriptedObjects (0ms)
		BackupInstance (0ms)
		ReleaseScriptingObjects (0ms)
		CreateAndSetChildDomain (1ms)
	RebuildCommonClasses (30ms)
	RebuildNativeTypeToScriptingClass (10ms)
	initialDomainReloadingComplete (51ms)
	LoadAllAssembliesAndSetupDomain (119ms)
		LoadAssemblies (93ms)
		RebuildTransferFunctionScriptingTraits (0ms)
		AnalyzeDomain (118ms)
			TypeCache.Refresh (117ms)
				TypeCache.ScanAssembly (105ms)
			ScanForSourceGeneratedMonoScriptInfo (0ms)
			ResolveRequiredComponents (0ms)
	FinalizeReload (213ms)
		ReleaseScriptCaches (0ms)
		RebuildScriptCaches (0ms)
		SetupLoadedEditorAssemblies (164ms)
			LogAssemblyErrors (0ms)
			InitializePlatformSupportModulesInManaged (9ms)
			SetLoadedEditorAssemblies (4ms)
			RefreshPlugins (0ms)
			BeforeProcessingInitializeOnLoad (2ms)
			ProcessInitializeOnLoadAttributes (109ms)
			ProcessInitializeOnLoadMethodAttributes (40ms)
			AfterProcessingInitializeOnLoad (0ms)
			EditorAssembliesLoaded (0ms)
		ExecutionOrderSort2 (0ms)
		AwakeInstancesAfterBackupRestoration (0ms)
========================================================================
Worker process is ready to serve import requests
Begin MonoManager ReloadAssembly
- Loaded All Assemblies, in  0.484 seconds
Refreshing native plugins compatible for Editor in 2.45 ms, found 3 plugins.
Native extension for WindowsStandalone target not found
Native extension for WebGL target not found
Package Manager log level set to [2]
[Package Manager] Server::EnsureServerProcessIsRunning -- launch failed, reason: Unity was launched with the -noUpm command-line argument
[Package Manager] UpmClient::Send -- Unable to send message (not connected to UPM process).
[Package Manager] Cannot connect to Unity Package Manager local server
Mono: successfully reloaded assembly
- Finished resetting the current domain, in  0.454 seconds
Domain Reload Profiling: 936ms
	BeginReloadAssembly (116ms)
		ExecutionOrderSort (0ms)
		DisableScriptedObjects (5ms)
		BackupInstance (0ms)
		ReleaseScriptingObjects (0ms)
		CreateAndSetChildDomain (16ms)
	RebuildCommonClasses (30ms)
	RebuildNativeTypeToScriptingClass (10ms)
	initialDomainReloadingComplete (35ms)
	LoadAllAssembliesAndSetupDomain (290ms)
		LoadAssemblies (213ms)
		RebuildTransferFunctionScriptingTraits (0ms)
		AnalyzeDomain (144ms)
			TypeCache.Refresh (129ms)
				TypeCache.ScanAssembly (117ms)
			ScanForSourceGeneratedMonoScriptInfo (11ms)
			ResolveRequiredComponents (3ms)
	FinalizeReload (455ms)
		ReleaseScriptCaches (0ms)
		RebuildScriptCaches (0ms)
		SetupLoadedEditorAssemblies (334ms)
			LogAssemblyErrors (0ms)
			InitializePlatformSupportModulesInManaged (6ms)
			SetLoadedEditorAssemblies (3ms)
			RefreshPlugins (0ms)
			BeforeProcessingInitializeOnLoad (51ms)
			ProcessInitializeOnLoadAttributes (251ms)
			ProcessInitializeOnLoadMethodAttributes (16ms)
			AfterProcessingInitializeOnLoad (6ms)
			EditorAssembliesLoaded (0ms)
		ExecutionOrderSort2 (0ms)
		AwakeInstancesAfterBackupRestoration (5ms)
Launched and connected shader compiler UnityShaderCompiler.exe after 0.03 seconds
Refreshing native plugins compatible for Editor in 2.67 ms, found 3 plugins.
Preloading 0 native plugins for Editor in 0.00 ms.
Unloading 3096 Unused Serialized files (Serialized files now loaded: 0)
Unloading 32 unused Assets / (57.2 KB). Loaded Objects now: 3558.
Memory consumption went from 125.2 MB to 125.1 MB.
Total: 2.871200 ms (FindLiveObjects: 0.277200 ms CreateObjectMapping: 0.105400 ms MarkObjects: 2.365900 ms  DeleteObjects: 0.121500 ms)

AssetImportParameters requested are different than current active one (requested -> active):
  custom:container-demuxer-ogg: 62fdf1f143b41e24485cea50d1cbac27 -> 
  custom:video-decoder-ogg-theora: a1e56fd34408186e4bbccfd4996cb3dc -> 
  custom:framework-win-MediaFoundation: 216162199b28c13a410421893ffa2e32 -> 
  custom:CustomObjectIndexerAttribute: 756ad292c208cfabdd7b50bc23989ffe -> 
  custom:container-demuxer-webm: 4f35f7cbe854078d1ac9338744f61a02 -> 
  custom:container-muxer-webm: aa71ff27fc2769a1b78a27578f13a17b -> 
  custom:video-decoder-webm-vp8: 9c59270c3fd7afecdb556c50c9e8de78 -> 
  custom:SearchIndexIgnoredProperties: e643bd26f0fe6173181afceb89e7c659 -> 
  custom:AudioImporter_EditorPlatform: d09bf68614088b80899f8185d706f6e7 -> 
  custom:video-encoder-webm-vp8: eb34c28f22e8b96e1ab97ce403110664 -> 
  custom:audio-decoder-ogg-vorbis: bf7c407c2cedff20999df2af8eb42d56 -> 
  custom:audio-encoder-webm-vorbis: bf7c407c2cedff20999df2af8eb42d56 -> 
========================================================================
Received Prepare
Begin MonoManager ReloadAssembly
- Loaded All Assemblies, in  0.383 seconds
Refreshing native plugins compatible for Editor in 2.89 ms, found 3 plugins.
Native extension for WindowsStandalone target not found
Native extension for WebGL target not found
[Package Manager] Server::EnsureServerProcessIsRunning -- launch failed, reason: Unity was launched with the -noUpm command-line argument
[Package Manager] UpmClient::Send -- Unable to send message (not connected to UPM process).
[Package Manager] Cannot connect to Unity Package Manager local server
Mono: successfully reloaded assembly
- Finished resetting the current domain, in  0.728 seconds
Domain Reload Profiling: 1109ms
	BeginReloadAssembly (148ms)
		ExecutionOrderSort (0ms)
		DisableScriptedObjects (5ms)
		BackupInstance (0ms)
		ReleaseScriptingObjects (0ms)
		CreateAndSetChildDomain (28ms)
	RebuildCommonClasses (30ms)
	RebuildNativeTypeToScriptingClass (11ms)
	initialDomainReloadingComplete (25ms)
	LoadAllAssembliesAndSetupDomain (167ms)
		LoadAssemblies (235ms)
		RebuildTransferFunctionScriptingTraits (0ms)
		AnalyzeDomain (17ms)
			TypeCache.Refresh (7ms)
				TypeCache.ScanAssembly (0ms)
			ScanForSourceGeneratedMonoScriptInfo (6ms)
			ResolveRequiredComponents (4ms)
	FinalizeReload (728ms)
		ReleaseScriptCaches (0ms)
		RebuildScriptCaches (0ms)
		SetupLoadedEditorAssemblies (322ms)
			LogAssemblyErrors (0ms)
			InitializePlatformSupportModulesInManaged (7ms)
			SetLoadedEditorAssemblies (3ms)
			RefreshPlugins (0ms)
			BeforeProcessingInitializeOnLoad (53ms)
			ProcessInitializeOnLoadAttributes (234ms)
			ProcessInitializeOnLoadMethodAttributes (16ms)
			AfterProcessingInitializeOnLoad (8ms)
			EditorAssembliesLoaded (0ms)
		ExecutionOrderSort2 (0ms)
		AwakeInstancesAfterBackupRestoration (7ms)
Refreshing native plugins compatible for Editor in 4.20 ms, found 3 plugins.
Preloading 0 native plugins for Editor in 0.00 ms.
Unloading 3077 Unused Serialized files (Serialized files now loaded: 0)
Unloading 23 unused Assets / (31.0 KB). Loaded Objects now: 3562.
Memory consumption went from 122.8 MB to 122.7 MB.
Total: 3.539000 ms (FindLiveObjects: 0.356000 ms CreateObjectMapping: 0.101900 ms MarkObjects: 3.023700 ms  DeleteObjects: 0.056300 ms)

Prepare: number of updated asset objects reloaded= 0
AssetImportParameters requested are different than current active one (requested -> active):
  custom:container-demuxer-ogg: 62fdf1f143b41e24485cea50d1cbac27 -> 
  custom:video-decoder-ogg-theora: a1e56fd34408186e4bbccfd4996cb3dc -> 
  custom:framework-win-MediaFoundation: 216162199b28c13a410421893ffa2e32 -> 
  custom:CustomObjectIndexerAttribute: 756ad292c208cfabdd7b50bc23989ffe -> 
  custom:container-demuxer-webm: 4f35f7cbe854078d1ac9338744f61a02 -> 
  custom:container-muxer-webm: aa71ff27fc2769a1b78a27578f13a17b -> 
  custom:video-decoder-webm-vp8: 9c59270c3fd7afecdb556c50c9e8de78 -> 
  custom:SearchIndexIgnoredProperties: e643bd26f0fe6173181afceb89e7c659 -> 
  custom:AudioImporter_EditorPlatform: d09bf68614088b80899f8185d706f6e7 -> 
  custom:video-encoder-webm-vp8: eb34c28f22e8b96e1ab97ce403110664 -> 
  custom:audio-decoder-ogg-vorbis: bf7c407c2cedff20999df2af8eb42d56 -> 
  custom:audio-encoder-webm-vorbis: bf7c407c2cedff20999df2af8eb42d56 -> 
========================================================================
Received Import Request.
  Time since last request: 162630.930477 seconds.
  path: Assets/DeepZone/3 PSD logo Templates/PNG/01.png
  artifactKey: Guid(9977931ebdbdc98428ce6c6e3973cff0) Importer(815301076,1909f56bfc062723c751e8b465ee728b)
Start importing Assets/DeepZone/3 PSD logo Templates/PNG/01.png using Guid(9977931ebdbdc98428ce6c6e3973cff0) Importer(815301076,1909f56bfc062723c751e8b465ee728b)  -> (artifact id: '4ffc81863b8b70479564f4f97863b2d7') in 0.110737 seconds
Number of updated asset objects reloaded before import = 0
Number of asset objects unloaded after import = 3
========================================================================
Received Import Request.
  Time since last request: 34.254992 seconds.
  path: Assets/RPG&Fantasy Mobile GUI/titles/title_01.png
  artifactKey: Guid(307822c5a3ce7220bbb0f03527d10495) Importer(815301076,1909f56bfc062723c751e8b465ee728b)
Start importing Assets/RPG&Fantasy Mobile GUI/titles/title_01.png using Guid(307822c5a3ce7220bbb0f03527d10495) Importer(815301076,1909f56bfc062723c751e8b465ee728b)  -> (artifact id: '9607cb1313248e99023058742001c93f') in 0.034287 seconds
Number of updated asset objects reloaded before import = 0
Number of asset objects unloaded after import = 3
========================================================================
Received Import Request.
  Time since last request: 0.000018 seconds.
  path: Assets/RPG&Fantasy Mobile GUI/titles/title_19.png
  artifactKey: Guid(381f99abe46d892f599ee4fb6d875e78) Importer(815301076,1909f56bfc062723c751e8b465ee728b)
Start importing Assets/RPG&Fantasy Mobile GUI/titles/title_19.png using Guid(381f99abe46d892f599ee4fb6d875e78) Importer(815301076,1909f56bfc062723c751e8b465ee728b)  -> (artifact id: 'a7bdc500fe9413929cc976d1c6f9c2e8') in 0.020362 seconds
Number of updated asset objects reloaded before import = 0
Number of asset objects unloaded after import = 3
========================================================================
Received Import Request.
  Time since last request: 0.000018 seconds.
  path: Assets/RPG&Fantasy Mobile GUI/titles/title_04.png
  artifactKey: Guid(b4840b0eb55ad9db9bd697510780430d) Importer(815301076,1909f56bfc062723c751e8b465ee728b)
Start importing Assets/RPG&Fantasy Mobile GUI/titles/title_04.png using Guid(b4840b0eb55ad9db9bd697510780430d) Importer(815301076,1909f56bfc062723c751e8b465ee728b)  -> (artifact id: '5c7b49f78de27cfa6242302c5edbe296') in 0.021407 seconds
Number of updated asset objects reloaded before import = 0
Number of asset objects unloaded after import = 3
========================================================================
Received Import Request.
  Time since last request: 0.000021 seconds.
  path: Assets/RPG&Fantasy Mobile GUI/titles/title_03.png
  artifactKey: Guid(3ef69ebd789bcb8b283805c29c7a6b07) Importer(815301076,1909f56bfc062723c751e8b465ee728b)
Start importing Assets/RPG&Fantasy Mobile GUI/titles/title_03.png using Guid(3ef69ebd789bcb8b283805c29c7a6b07) Importer(815301076,1909f56bfc062723c751e8b465ee728b)  -> (artifact id: 'f684d8c2298a989ebb575ca223dc7229') in 0.019266 seconds
Number of updated asset objects reloaded before import = 0
Number of asset objects unloaded after import = 3
========================================================================
Received Import Request.
  Time since last request: 0.000021 seconds.
  path: Assets/RPG&Fantasy Mobile GUI/titles/title_17.png
  artifactKey: Guid(4208d837bf1878f77b21b5e933fbe162) Importer(815301076,1909f56bfc062723c751e8b465ee728b)
Start importing Assets/RPG&Fantasy Mobile GUI/titles/title_17.png using Guid(4208d837bf1878f77b21b5e933fbe162) Importer(815301076,1909f56bfc062723c751e8b465ee728b)  -> (artifact id: 'cd70f323e5b1c1df0559df599387ce79') in 0.021680 seconds
Number of updated asset objects reloaded before import = 0
Number of asset objects unloaded after import = 3
========================================================================
Received Import Request.
  Time since last request: 0.000016 seconds.
  path: Assets/RPG&Fantasy Mobile GUI/titles/title_09.png
  artifactKey: Guid(9e4cf8dbb128dfa5e8d1e8e37cc82a79) Importer(815301076,1909f56bfc062723c751e8b465ee728b)
Start importing Assets/RPG&Fantasy Mobile GUI/titles/title_09.png using Guid(9e4cf8dbb128dfa5e8d1e8e37cc82a79) Importer(815301076,1909f56bfc062723c751e8b465ee728b)  -> (artifact id: '13d6c19917d57e7088749a4beb4b14d8') in 0.024908 seconds
Number of updated asset objects reloaded before import = 0
Number of asset objects unloaded after import = 3
========================================================================
Received Import Request.
  Time since last request: 0.000016 seconds.
  path: Assets/RPG&Fantasy Mobile GUI/titles/title_20.png
  artifactKey: Guid(0449582f8f60b96cfb9555e0ba3bad2a) Importer(815301076,1909f56bfc062723c751e8b465ee728b)
Start importing Assets/RPG&Fantasy Mobile GUI/titles/title_20.png using Guid(0449582f8f60b96cfb9555e0ba3bad2a) Importer(815301076,1909f56bfc062723c751e8b465ee728b)  -> (artifact id: '7b147af0d6b72c2c73925a347249d339') in 0.023606 seconds
Number of updated asset objects reloaded before import = 0
Number of asset objects unloaded after import = 3
========================================================================
Received Import Request.
  Time since last request: 0.000015 seconds.
  path: Assets/RPG&Fantasy Mobile GUI/titles/title_12.png
  artifactKey: Guid(436fac1191b464861932012500914421) Importer(815301076,1909f56bfc062723c751e8b465ee728b)
Start importing Assets/RPG&Fantasy Mobile GUI/titles/title_12.png using Guid(436fac1191b464861932012500914421) Importer(815301076,1909f56bfc062723c751e8b465ee728b)  -> (artifact id: '2dc38581946c2350acfdf91696140b53') in 0.023608 seconds
Number of updated asset objects reloaded before import = 0
Number of asset objects unloaded after import = 3
========================================================================
Received Import Request.
  Time since last request: 0.000016 seconds.
  path: Assets/RPG&Fantasy Mobile GUI/titles/title_18.png
  artifactKey: Guid(4779d8937e1464a72ba2ecc3f3deaffe) Importer(815301076,1909f56bfc062723c751e8b465ee728b)
Start importing Assets/RPG&Fantasy Mobile GUI/titles/title_18.png using Guid(4779d8937e1464a72ba2ecc3f3deaffe) Importer(815301076,1909f56bfc062723c751e8b465ee728b)  -> (artifact id: '3db3b9bd44d7102b1f9d21f1f9fb8ee9') in 0.020234 seconds
Number of updated asset objects reloaded before import = 0
Number of asset objects unloaded after import = 3
========================================================================
Received Import Request.
  Time since last request: 0.000018 seconds.
  path: Assets/RPG&Fantasy Mobile GUI/titles/title_06.png
  artifactKey: Guid(60fcc39daa126e226af67124d695d6d6) Importer(815301076,1909f56bfc062723c751e8b465ee728b)
Start importing Assets/RPG&Fantasy Mobile GUI/titles/title_06.png using Guid(60fcc39daa126e226af67124d695d6d6) Importer(815301076,1909f56bfc062723c751e8b465ee728b)  -> (artifact id: '386e983afd23626622cbc4d870094941') in 0.019985 seconds
Number of updated asset objects reloaded before import = 0
Number of asset objects unloaded after import = 3
========================================================================
Received Import Request.
  Time since last request: 53.837610 seconds.
  path: Assets/RPG&Fantasy Mobile GUI/texts/text_05.png
  artifactKey: Guid(00949afb617f7d41db8c248e0942be7a) Importer(815301076,1909f56bfc062723c751e8b465ee728b)
Start importing Assets/RPG&Fantasy Mobile GUI/texts/text_05.png using Guid(00949afb617f7d41db8c248e0942be7a) Importer(815301076,1909f56bfc062723c751e8b465ee728b)  -> (artifact id: '76aab5667f8ece777f195a85fa7b5039') in 0.033607 seconds
Number of updated asset objects reloaded before import = 0
Number of asset objects unloaded after import = 3
========================================================================
Received Import Request.
  Time since last request: 0.000017 seconds.
  path: Assets/RPG&Fantasy Mobile GUI/texts/text_12.png
  artifactKey: Guid(b7fc91121d826d355bd427e9d4d0a576) Importer(815301076,1909f56bfc062723c751e8b465ee728b)
Start importing Assets/RPG&Fantasy Mobile GUI/texts/text_12.png using Guid(b7fc91121d826d355bd427e9d4d0a576) Importer(815301076,1909f56bfc062723c751e8b465ee728b)  -> (artifact id: 'de2cbefcd9424f27ba825405435e6128') in 0.025029 seconds
Number of updated asset objects reloaded before import = 0
Number of asset objects unloaded after import = 3
========================================================================
Received Import Request.
  Time since last request: 0.000013 seconds.
  path: Assets/RPG&Fantasy Mobile GUI/texts/text_10.png
  artifactKey: Guid(f55efdaeaf06705f19760fd936cb5a6f) Importer(815301076,1909f56bfc062723c751e8b465ee728b)
Start importing Assets/RPG&Fantasy Mobile GUI/texts/text_10.png using Guid(f55efdaeaf06705f19760fd936cb5a6f) Importer(815301076,1909f56bfc062723c751e8b465ee728b)  -> (artifact id: 'de72028b35b18c17145daa252228d7dd') in 0.025404 seconds
Number of updated asset objects reloaded before import = 0
Number of asset objects unloaded after import = 3
========================================================================
Received Import Request.
  Time since last request: 0.000013 seconds.
  path: Assets/RPG&Fantasy Mobile GUI/texts/text_08.png
  artifactKey: Guid(1cc5b1a6e34e872588b81367715abf8e) Importer(815301076,1909f56bfc062723c751e8b465ee728b)
Start importing Assets/RPG&Fantasy Mobile GUI/texts/text_08.png using Guid(1cc5b1a6e34e872588b81367715abf8e) Importer(815301076,1909f56bfc062723c751e8b465ee728b)  -> (artifact id: '3bf73a3532e01417fff7362c4f45602e') in 0.042466 seconds
Number of updated asset objects reloaded before import = 0
Number of asset objects unloaded after import = 3
========================================================================
Received Import Request.
  Time since last request: 0.949112 seconds.
  path: Assets/RPG&Fantasy Mobile GUI/symbols/number_09.png
  artifactKey: Guid(ecc16550a4742054882bd5b72455abb2) Importer(815301076,1909f56bfc062723c751e8b465ee728b)
Start importing Assets/RPG&Fantasy Mobile GUI/symbols/number_09.png using Guid(ecc16550a4742054882bd5b72455abb2) Importer(815301076,1909f56bfc062723c751e8b465ee728b)  -> (artifact id: '73af262cc4242eda34735e66efe3cfb3') in 0.030791 seconds
Number of updated asset objects reloaded before import = 0
Number of asset objects unloaded after import = 3
========================================================================
Received Import Request.
  Time since last request: 0.000019 seconds.
  path: Assets/RPG&Fantasy Mobile GUI/symbols/symbol_08.png
  artifactKey: Guid(81f85634f34ca3219b7946047e977425) Importer(815301076,1909f56bfc062723c751e8b465ee728b)
Start importing Assets/RPG&Fantasy Mobile GUI/symbols/symbol_08.png using Guid(81f85634f34ca3219b7946047e977425) Importer(815301076,1909f56bfc062723c751e8b465ee728b)  -> (artifact id: '915887d238a67a5f2779b0aaa0bca7d6') in 0.023579 seconds
Number of updated asset objects reloaded before import = 0
Number of asset objects unloaded after import = 3
========================================================================
Received Import Request.
  Time since last request: 0.000013 seconds.
  path: Assets/RPG&Fantasy Mobile GUI/symbols/symbol_09.png
  artifactKey: Guid(8f1253d3d510ae9f68c935d9a0642b4f) Importer(815301076,1909f56bfc062723c751e8b465ee728b)
Start importing Assets/RPG&Fantasy Mobile GUI/symbols/symbol_09.png using Guid(8f1253d3d510ae9f68c935d9a0642b4f) Importer(815301076,1909f56bfc062723c751e8b465ee728b)  -> (artifact id: '55b9b7c26e2a906f864bc7d19635a0f3') in 0.020522 seconds
Number of updated asset objects reloaded before import = 0
Number of asset objects unloaded after import = 3
========================================================================
Received Import Request.
  Time since last request: 0.000013 seconds.
  path: Assets/RPG&Fantasy Mobile GUI/symbols/symbol_04.png
  artifactKey: Guid(621e5897bf7bf7ce8a830cd775a5d245) Importer(815301076,1909f56bfc062723c751e8b465ee728b)
Start importing Assets/RPG&Fantasy Mobile GUI/symbols/symbol_04.png using Guid(621e5897bf7bf7ce8a830cd775a5d245) Importer(815301076,1909f56bfc062723c751e8b465ee728b)  -> (artifact id: '986e7efe26329dff3599245dc30154f1') in 0.026588 seconds
Number of updated asset objects reloaded before import = 0
Number of asset objects unloaded after import = 3
========================================================================
Received Import Request.
  Time since last request: 1.347633 seconds.
  path: Assets/RPG&Fantasy Mobile GUI/ready_buttons/ready_button_01.png
  artifactKey: Guid(d61237fe6ec44405db593579022b214e) Importer(815301076,1909f56bfc062723c751e8b465ee728b)
Start importing Assets/RPG&Fantasy Mobile GUI/ready_buttons/ready_button_01.png using Guid(d61237fe6ec44405db593579022b214e) Importer(815301076,1909f56bfc062723c751e8b465ee728b)  -> (artifact id: '672b118ce88ffd0cb6e5977a41a310e7') in 0.029955 seconds
Number of updated asset objects reloaded before import = 0
Number of asset objects unloaded after import = 3
========================================================================
Received Import Request.
  Time since last request: 0.000014 seconds.
  path: Assets/RPG&Fantasy Mobile GUI/ready_buttons/ready_button_10.png
  artifactKey: Guid(c3d99a8c228dc8b30a1048f7019397d9) Importer(815301076,1909f56bfc062723c751e8b465ee728b)
Start importing Assets/RPG&Fantasy Mobile GUI/ready_buttons/ready_button_10.png using Guid(c3d99a8c228dc8b30a1048f7019397d9) Importer(815301076,1909f56bfc062723c751e8b465ee728b)  -> (artifact id: '860c4e7b11114248df5290a4ef5f5091') in 0.021065 seconds
Number of updated asset objects reloaded before import = 0
Number of asset objects unloaded after import = 3
========================================================================
Received Import Request.
  Time since last request: 0.000014 seconds.
  path: Assets/RPG&Fantasy Mobile GUI/ready_buttons/ready_button_pressed02.png
  artifactKey: Guid(b74ff6ebc1e43669ca413554784d4aae) Importer(815301076,1909f56bfc062723c751e8b465ee728b)
Start importing Assets/RPG&Fantasy Mobile GUI/ready_buttons/ready_button_pressed02.png using Guid(b74ff6ebc1e43669ca413554784d4aae) Importer(815301076,1909f56bfc062723c751e8b465ee728b)  -> (artifact id: '384e30d81ae4dd77f0e65e34d9389d8e') in 0.021216 seconds
Number of updated asset objects reloaded before import = 0
Number of asset objects unloaded after import = 3
========================================================================
Received Import Request.
  Time since last request: 0.000013 seconds.
  path: Assets/RPG&Fantasy Mobile GUI/ready_buttons/ready_button_09.png
  artifactKey: Guid(6e9e166d18282c7e1aa9d98a8286e511) Importer(815301076,1909f56bfc062723c751e8b465ee728b)
Start importing Assets/RPG&Fantasy Mobile GUI/ready_buttons/ready_button_09.png using Guid(6e9e166d18282c7e1aa9d98a8286e511) Importer(815301076,1909f56bfc062723c751e8b465ee728b)  -> (artifact id: 'fcbf69cfecc176d1a0b015d245f36ac4') in 0.020825 seconds
Number of updated asset objects reloaded before import = 0
Number of asset objects unloaded after import = 3
========================================================================
Received Import Request.
  Time since last request: 0.000014 seconds.
  path: Assets/RPG&Fantasy Mobile GUI/ready_buttons/ready_button_11.png
  artifactKey: Guid(952052da8d2086b7f9cb717d0d316953) Importer(815301076,1909f56bfc062723c751e8b465ee728b)
Start importing Assets/RPG&Fantasy Mobile GUI/ready_buttons/ready_button_11.png using Guid(952052da8d2086b7f9cb717d0d316953) Importer(815301076,1909f56bfc062723c751e8b465ee728b)  -> (artifact id: '890e72b71799dec91f6e046a80536f07') in 0.025500 seconds
Number of updated asset objects reloaded before import = 0
Number of asset objects unloaded after import = 3
========================================================================
Received Import Request.
  Time since last request: 0.000019 seconds.
  path: Assets/RPG&Fantasy Mobile GUI/ready_buttons/ready_button_pressed01.png
  artifactKey: Guid(ef71db913219da44793197b11981c9f4) Importer(815301076,1909f56bfc062723c751e8b465ee728b)
Start importing Assets/RPG&Fantasy Mobile GUI/ready_buttons/ready_button_pressed01.png using Guid(ef71db913219da44793197b11981c9f4) Importer(815301076,1909f56bfc062723c751e8b465ee728b)  -> (artifact id: '450b68681e105457d27f8cae96a8fb16') in 0.020787 seconds
Number of updated asset objects reloaded before import = 0
Number of asset objects unloaded after import = 3
========================================================================
Received Import Request.
  Time since last request: 1.428934 seconds.
  path: Assets/RPG&Fantasy Mobile GUI/panels/panel_01.png
  artifactKey: Guid(ba5c9bd9ccbfd4277bf39ab07ff889b0) Importer(815301076,1909f56bfc062723c751e8b465ee728b)
Start importing Assets/RPG&Fantasy Mobile GUI/panels/panel_01.png using Guid(ba5c9bd9ccbfd4277bf39ab07ff889b0) Importer(815301076,1909f56bfc062723c751e8b465ee728b)  -> (artifact id: 'e0570a89759a3647896fb23139fc48b3') in 0.048722 seconds
Number of updated asset objects reloaded before import = 0
Number of asset objects unloaded after import = 3
========================================================================
Received Import Request.
  Time since last request: 0.000014 seconds.
  path: Assets/RPG&Fantasy Mobile GUI/panels/panel_06.png
  artifactKey: Guid(3876d92d5dc592739bb4bc02db9cef67) Importer(815301076,1909f56bfc062723c751e8b465ee728b)
Start importing Assets/RPG&Fantasy Mobile GUI/panels/panel_06.png using Guid(3876d92d5dc592739bb4bc02db9cef67) Importer(815301076,1909f56bfc062723c751e8b465ee728b)  -> (artifact id: '01933bbdac07bb9f8ae647d7ecff9170') in 0.024544 seconds
Number of updated asset objects reloaded before import = 0
Number of asset objects unloaded after import = 3
========================================================================
Received Import Request.
  Time since last request: 1.002719 seconds.
  path: Assets/RPG&Fantasy Mobile GUI/panel_elements/box_slider.png
  artifactKey: Guid(a9de040de46f589f7873100a0550cdd7) Importer(815301076,1909f56bfc062723c751e8b465ee728b)
Start importing Assets/RPG&Fantasy Mobile GUI/panel_elements/box_slider.png using Guid(a9de040de46f589f7873100a0550cdd7) Importer(815301076,1909f56bfc062723c751e8b465ee728b)  -> (artifact id: '8e720e9ee11dd8adcf8e384a4087a4f2') in 0.033570 seconds
Number of updated asset objects reloaded before import = 0
Number of asset objects unloaded after import = 3
========================================================================
Received Import Request.
  Time since last request: 0.000017 seconds.
  path: Assets/RPG&Fantasy Mobile GUI/panel_elements/box_slider_fill_03.png
  artifactKey: Guid(5a705e24ae27e829691c7306cefbbf87) Importer(815301076,1909f56bfc062723c751e8b465ee728b)
Start importing Assets/RPG&Fantasy Mobile GUI/panel_elements/box_slider_fill_03.png using Guid(5a705e24ae27e829691c7306cefbbf87) Importer(815301076,1909f56bfc062723c751e8b465ee728b)  -> (artifact id: 'fc8a7e98e5a937f4b5e914baa306bdb9') in 0.025673 seconds
Number of updated asset objects reloaded before import = 0
Number of asset objects unloaded after import = 3
========================================================================
Received Import Request.
  Time since last request: 0.000038 seconds.
  path: Assets/RPG&Fantasy Mobile GUI/panel_elements/curved_slider_fill_01.png
  artifactKey: Guid(4c6b9580a6067b788a328628a9e5f1b4) Importer(815301076,1909f56bfc062723c751e8b465ee728b)
Start importing Assets/RPG&Fantasy Mobile GUI/panel_elements/curved_slider_fill_01.png using Guid(4c6b9580a6067b788a328628a9e5f1b4) Importer(815301076,1909f56bfc062723c751e8b465ee728b)  -> (artifact id: '8fdbe3c7f6cec786d2326fc0d6252adb') in 0.019429 seconds
Number of updated asset objects reloaded before import = 0
Number of asset objects unloaded after import = 3
========================================================================
Received Import Request.
  Time since last request: 0.000052 seconds.
  path: Assets/RPG&Fantasy Mobile GUI/panel_elements/diamond.png
  artifactKey: Guid(b3c6183fe9e36727caeca845a5be92b9) Importer(815301076,1909f56bfc062723c751e8b465ee728b)
Start importing Assets/RPG&Fantasy Mobile GUI/panel_elements/diamond.png using Guid(b3c6183fe9e36727caeca845a5be92b9) Importer(815301076,1909f56bfc062723c751e8b465ee728b)  -> (artifact id: '2acc4e192061b985964b2605370e1ab9') in 0.027808 seconds
Number of updated asset objects reloaded before import = 0
Number of asset objects unloaded after import = 3
========================================================================
Received Import Request.
  Time since last request: 0.000012 seconds.
  path: Assets/RPG&Fantasy Mobile GUI/panel_elements/coin.png
  artifactKey: Guid(0ede5db78296acd7f8b54ba0299c2dcf) Importer(815301076,1909f56bfc062723c751e8b465ee728b)
Start importing Assets/RPG&Fantasy Mobile GUI/panel_elements/coin.png using Guid(0ede5db78296acd7f8b54ba0299c2dcf) Importer(815301076,1909f56bfc062723c751e8b465ee728b)  -> (artifact id: '03138337f5f9c55969236e0f47db5d00') in 0.023971 seconds
Number of updated asset objects reloaded before import = 0
Number of asset objects unloaded after import = 3
========================================================================
Received Import Request.
  Time since last request: 0.000012 seconds.
  path: Assets/RPG&Fantasy Mobile GUI/panel_elements/g9106.png
  artifactKey: Guid(fd6e4dadafa75a39e9c3426c43143455) Importer(815301076,1909f56bfc062723c751e8b465ee728b)
Start importing Assets/RPG&Fantasy Mobile GUI/panel_elements/g9106.png using Guid(fd6e4dadafa75a39e9c3426c43143455) Importer(815301076,1909f56bfc062723c751e8b465ee728b)  -> (artifact id: '3bae87fee163203da7b5d1ad8d5aa542') in 0.024000 seconds
Number of updated asset objects reloaded before import = 0
Number of asset objects unloaded after import = 3
========================================================================
Received Import Request.
  Time since last request: 0.709203 seconds.
  path: Assets/RPG&Fantasy Mobile GUI/icons/icon_01.png
  artifactKey: Guid(2f9f61cb81e90adb5b2b9c162133dd8e) Importer(815301076,1909f56bfc062723c751e8b465ee728b)
Start importing Assets/RPG&Fantasy Mobile GUI/icons/icon_01.png using Guid(2f9f61cb81e90adb5b2b9c162133dd8e) Importer(815301076,1909f56bfc062723c751e8b465ee728b)  -> (artifact id: 'fa32688649ecbebf83dc858c5e98b781') in 0.025802 seconds
Number of updated asset objects reloaded before import = 0
Number of asset objects unloaded after import = 3
========================================================================
Received Import Request.
  Time since last request: 0.000018 seconds.
  path: Assets/RPG&Fantasy Mobile GUI/icons/icon_17.png
  artifactKey: Guid(eb826728558547f78a60b77f2d5ba81a) Importer(815301076,1909f56bfc062723c751e8b465ee728b)
Start importing Assets/RPG&Fantasy Mobile GUI/icons/icon_17.png using Guid(eb826728558547f78a60b77f2d5ba81a) Importer(815301076,1909f56bfc062723c751e8b465ee728b)  -> (artifact id: 'b6295664356d949de84c3b78f85b4b72') in 0.026803 seconds
Number of updated asset objects reloaded before import = 0
Number of asset objects unloaded after import = 3
========================================================================
Received Import Request.
  Time since last request: 0.000019 seconds.
  path: Assets/RPG&Fantasy Mobile GUI/icons/icon_05.png
  artifactKey: Guid(95005b468114be6f4acde6485cc59639) Importer(815301076,1909f56bfc062723c751e8b465ee728b)
Start importing Assets/RPG&Fantasy Mobile GUI/icons/icon_05.png using Guid(95005b468114be6f4acde6485cc59639) Importer(815301076,1909f56bfc062723c751e8b465ee728b)  -> (artifact id: 'df096d8d86a881e9ed51db86f6af0ee7') in 0.018308 seconds
Number of updated asset objects reloaded before import = 0
Number of asset objects unloaded after import = 3
========================================================================
Received Import Request.
  Time since last request: 0.000056 seconds.
  path: Assets/RPG&Fantasy Mobile GUI/icons/icon_13.png
  artifactKey: Guid(1bae0e9415c7109e3a3be0a9a42becb1) Importer(815301076,1909f56bfc062723c751e8b465ee728b)
Start importing Assets/RPG&Fantasy Mobile GUI/icons/icon_13.png using Guid(1bae0e9415c7109e3a3be0a9a42becb1) Importer(815301076,1909f56bfc062723c751e8b465ee728b)  -> (artifact id: '5cfa69e7fcc359b72070f28dda50f666') in 0.021157 seconds
Number of updated asset objects reloaded before import = 0
Number of asset objects unloaded after import = 3
========================================================================
Received Import Request.
  Time since last request: 0.000012 seconds.
  path: Assets/RPG&Fantasy Mobile GUI/icons/icon_10.png
  artifactKey: Guid(c0b60dd298a7fefff994956f8ac9844f) Importer(815301076,1909f56bfc062723c751e8b465ee728b)
Start importing Assets/RPG&Fantasy Mobile GUI/icons/icon_10.png using Guid(c0b60dd298a7fefff994956f8ac9844f) Importer(815301076,1909f56bfc062723c751e8b465ee728b)  -> (artifact id: '7d5d362958bbb0095b8dbe81608a6b92') in 0.021964 seconds
Number of updated asset objects reloaded before import = 0
Number of asset objects unloaded after import = 3
========================================================================
Received Import Request.
  Time since last request: 5.214273 seconds.
  path: Assets/DeepZone/3 PSD logo Templates
  artifactKey: Guid(6889ee98e5b18cb4a8fb76cea77eb8fd) Importer(815301076,1909f56bfc062723c751e8b465ee728b)
Start importing Assets/DeepZone/3 PSD logo Templates using Guid(6889ee98e5b18cb4a8fb76cea77eb8fd) Importer(815301076,1909f56bfc062723c751e8b465ee728b)  -> (artifact id: 'b9ac077dd4df5dda0f592c822744314d') in 0.000415 seconds
Number of updated asset objects reloaded before import = 0
Number of asset objects unloaded after import = 0
========================================================================
Received Import Request.
  Time since last request: 0.982645 seconds.
  path: Assets/DeepZone/3 PSD logo Templates/PNG
  artifactKey: Guid(4b69c3a9cfa54d341a1f1eeb0a4db5d0) Importer(815301076,1909f56bfc062723c751e8b465ee728b)
Start importing Assets/DeepZone/3 PSD logo Templates/PNG using Guid(4b69c3a9cfa54d341a1f1eeb0a4db5d0) Importer(815301076,1909f56bfc062723c751e8b465ee728b)  -> (artifact id: '110af6088181929fef511f77c650c853') in 0.000433 seconds
Number of updated asset objects reloaded before import = 0
Number of asset objects unloaded after import = 0
========================================================================
Received Import Request.
  Time since last request: 63.060793 seconds.
  path: Assets/DeepZone/3 PSD logo Templates/PSD Templates/01.psd
  artifactKey: Guid(661c0a56f2cb98f4bb97373370800e3f) Importer(815301076,1909f56bfc062723c751e8b465ee728b)
Start importing Assets/DeepZone/3 PSD logo Templates/PSD Templates/01.psd using Guid(661c0a56f2cb98f4bb97373370800e3f) Importer(815301076,1909f56bfc062723c751e8b465ee728b)  -> (artifact id: '801c38f4579d2260af84148ef760e6c1') in 0.026034 seconds
Number of updated asset objects reloaded before import = 0
Number of asset objects unloaded after import = 3
========================================================================
Received Import Request.
  Time since last request: 0.000014 seconds.
  path: Assets/DeepZone/3 PSD logo Templates/PSD Templates/03.psd
  artifactKey: Guid(9119ba344731fe14d8c3973e08a01249) Importer(815301076,1909f56bfc062723c751e8b465ee728b)
Start importing Assets/DeepZone/3 PSD logo Templates/PSD Templates/03.psd using Guid(9119ba344731fe14d8c3973e08a01249) Importer(815301076,1909f56bfc062723c751e8b465ee728b)  -> (artifact id: '31fbcf000d96cbabd438f440116e1b48') in 0.023313 seconds
Number of updated asset objects reloaded before import = 0
Number of asset objects unloaded after import = 3
========================================================================
Received Import Request.
  Time since last request: 0.380588 seconds.
  path: Assets/DeepZone/3 PSD logo Templates/Sample/BACK.png
  artifactKey: Guid(b2a5d10618e48384889589a39f931b56) Importer(815301076,1909f56bfc062723c751e8b465ee728b)
Start importing Assets/DeepZone/3 PSD logo Templates/Sample/BACK.png using Guid(b2a5d10618e48384889589a39f931b56) Importer(815301076,1909f56bfc062723c751e8b465ee728b)  -> (artifact id: '0b4500564a5f2f9b12bb7394f9887bc2') in 0.019598 seconds
Number of updated asset objects reloaded before import = 0
Number of asset objects unloaded after import = 3
========================================================================
Received Import Request.
  Time since last request: 14.321322 seconds.
  path: Assets/DeepZone/3 PSD logo Templates/Sample/Swiitch.cs
  artifactKey: Guid(b6117adb1c69bda41b2517d322181e46) Importer(815301076,1909f56bfc062723c751e8b465ee728b)
Start importing Assets/DeepZone/3 PSD logo Templates/Sample/Swiitch.cs using Guid(b6117adb1c69bda41b2517d322181e46) Importer(815301076,1909f56bfc062723c751e8b465ee728b)  -> (artifact id: '89eadcc16b845aa2b1ea42c9fc9bd3bc') in 0.000442 seconds
Number of updated asset objects reloaded before import = 0
Number of asset objects unloaded after import = 0
========================================================================
Received Import Request.
  Time since last request: 31.926934 seconds.
  path: Assets/RPG&Fantasy Mobile GUI/back.png
  artifactKey: Guid(1082298fe90c4d9d08a8db793e2d3a38) Importer(815301076,1909f56bfc062723c751e8b465ee728b)
Start importing Assets/RPG&Fantasy Mobile GUI/back.png using Guid(1082298fe90c4d9d08a8db793e2d3a38) Importer(815301076,1909f56bfc062723c751e8b465ee728b)  -> (artifact id: '441552614b086e5a8b62521087c69d01') in 0.022499 seconds
Number of updated asset objects reloaded before import = 0
Number of asset objects unloaded after import = 3
========================================================================
Received Prepare
Begin MonoManager ReloadAssembly
- Loaded All Assemblies, in  0.427 seconds
Refreshing native plugins compatible for Editor in 2.62 ms, found 3 plugins.
Native extension for WindowsStandalone target not found
Native extension for WebGL target not found
[Package Manager] Server::EnsureServerProcessIsRunning -- launch failed, reason: Unity was launched with the -noUpm command-line argument
[Package Manager] UpmClient::Send -- Unable to send message (not connected to UPM process).
[Package Manager] Cannot connect to Unity Package Manager local server
Mono: successfully reloaded assembly
- Finished resetting the current domain, in  0.709 seconds
Domain Reload Profiling: 1133ms
	BeginReloadAssembly (142ms)
		ExecutionOrderSort (0ms)
		DisableScriptedObjects (5ms)
		BackupInstance (0ms)
		ReleaseScriptingObjects (0ms)
		CreateAndSetChildDomain (33ms)
	RebuildCommonClasses (32ms)
	RebuildNativeTypeToScriptingClass (11ms)
	initialDomainReloadingComplete (30ms)
	LoadAllAssembliesAndSetupDomain (207ms)
		LoadAssemblies (265ms)
		RebuildTransferFunctionScriptingTraits (0ms)
		AnalyzeDomain (16ms)
			TypeCache.Refresh (6ms)
				TypeCache.ScanAssembly (0ms)
			ScanForSourceGeneratedMonoScriptInfo (5ms)
			ResolveRequiredComponents (4ms)
	FinalizeReload (710ms)
		ReleaseScriptCaches (0ms)
		RebuildScriptCaches (0ms)
		SetupLoadedEditorAssemblies (302ms)
			LogAssemblyErrors (0ms)
			InitializePlatformSupportModulesInManaged (7ms)
			SetLoadedEditorAssemblies (4ms)
			RefreshPlugins (0ms)
			BeforeProcessingInitializeOnLoad (51ms)
			ProcessInitializeOnLoadAttributes (219ms)
			ProcessInitializeOnLoadMethodAttributes (15ms)
			AfterProcessingInitializeOnLoad (6ms)
			EditorAssembliesLoaded (0ms)
		ExecutionOrderSort2 (0ms)
		AwakeInstancesAfterBackupRestoration (5ms)
Refreshing native plugins compatible for Editor in 2.74 ms, found 3 plugins.
Preloading 0 native plugins for Editor in 0.00 ms.
Unloading 3075 Unused Serialized files (Serialized files now loaded: 0)
Unloading 24 unused Assets / (31.6 KB). Loaded Objects now: 3619.
Memory consumption went from 129.0 MB to 128.9 MB.
Total: 3.911500 ms (FindLiveObjects: 0.361300 ms CreateObjectMapping: 0.115200 ms MarkObjects: 3.371500 ms  DeleteObjects: 0.062100 ms)

Prepare: number of updated asset objects reloaded= 0
AssetImportParameters requested are different than current active one (requested -> active):
  custom:container-demuxer-ogg: 62fdf1f143b41e24485cea50d1cbac27 -> 
  custom:video-decoder-ogg-theora: a1e56fd34408186e4bbccfd4996cb3dc -> 
  custom:framework-win-MediaFoundation: 216162199b28c13a410421893ffa2e32 -> 
  custom:CustomObjectIndexerAttribute: 756ad292c208cfabdd7b50bc23989ffe -> 
  custom:container-demuxer-webm: 4f35f7cbe854078d1ac9338744f61a02 -> 
  custom:container-muxer-webm: aa71ff27fc2769a1b78a27578f13a17b -> 
  custom:video-decoder-webm-vp8: 9c59270c3fd7afecdb556c50c9e8de78 -> 
  custom:SearchIndexIgnoredProperties: e643bd26f0fe6173181afceb89e7c659 -> 
  custom:AudioImporter_EditorPlatform: d09bf68614088b80899f8185d706f6e7 -> 
  custom:video-encoder-webm-vp8: eb34c28f22e8b96e1ab97ce403110664 -> 
  custom:audio-decoder-ogg-vorbis: bf7c407c2cedff20999df2af8eb42d56 -> 
  custom:audio-encoder-webm-vorbis: bf7c407c2cedff20999df2af8eb42d56 -> 
========================================================================
Received Import Request.
  Time since last request: 183.124053 seconds.
  path: Assets/20 Logos PSD/PNG
  artifactKey: Guid(6e3ca3e4f6d77ad468764915ee01341a) Importer(815301076,1909f56bfc062723c751e8b465ee728b)
Start importing Assets/20 Logos PSD/PNG using Guid(6e3ca3e4f6d77ad468764915ee01341a) Importer(815301076,1909f56bfc062723c751e8b465ee728b)  -> (artifact id: 'd6de5204a61b8c3ba7b84a1db833cb05') in 0.001916 seconds
Number of updated asset objects reloaded before import = 0
Number of asset objects unloaded after import = 0
========================================================================
Received Import Request.
  Time since last request: 0.053732 seconds.
  path: Assets/20 Logos PSD/PNG/Title 1.png
  artifactKey: Guid(4b91ec5e12c293a4f9fef25137e7ea69) Importer(815301076,1909f56bfc062723c751e8b465ee728b)
Start importing Assets/20 Logos PSD/PNG/Title 1.png using Guid(4b91ec5e12c293a4f9fef25137e7ea69) Importer(815301076,1909f56bfc062723c751e8b465ee728b)  -> (artifact id: '4bb62c423c1af7feca59cfec2793bfb1') in 0.099964 seconds
Number of updated asset objects reloaded before import = 0
Number of asset objects unloaded after import = 3
========================================================================
Received Import Request.
  Time since last request: 0.000022 seconds.
  path: Assets/20 Logos PSD/PNG/Title 16.png
  artifactKey: Guid(f253c01efbb9b1a47a7a7a5f3dfa6e9d) Importer(815301076,1909f56bfc062723c751e8b465ee728b)
Start importing Assets/20 Logos PSD/PNG/Title 16.png using Guid(f253c01efbb9b1a47a7a7a5f3dfa6e9d) Importer(815301076,1909f56bfc062723c751e8b465ee728b)  -> (artifact id: '260649cc0ef1dec648e13fb7aee98ad0') in 0.039921 seconds
Number of updated asset objects reloaded before import = 0
Number of asset objects unloaded after import = 3
========================================================================
Received Import Request.
  Time since last request: 0.000026 seconds.
  path: Assets/20 Logos PSD/PNG/Title 9.png
  artifactKey: Guid(756b372f663e3214ebad8f7bfe436c36) Importer(815301076,1909f56bfc062723c751e8b465ee728b)
Start importing Assets/20 Logos PSD/PNG/Title 9.png using Guid(756b372f663e3214ebad8f7bfe436c36) Importer(815301076,1909f56bfc062723c751e8b465ee728b)  -> (artifact id: 'df0a3a4f87c7716d467462abd7f0f779') in 0.027223 seconds
Number of updated asset objects reloaded before import = 0
Number of asset objects unloaded after import = 3
========================================================================
Received Import Request.
  Time since last request: 0.000016 seconds.
  path: Assets/20 Logos PSD/PNG/Title 14.png
  artifactKey: Guid(2a1275c6a8377e042be234925a89cd99) Importer(815301076,1909f56bfc062723c751e8b465ee728b)
Start importing Assets/20 Logos PSD/PNG/Title 14.png using Guid(2a1275c6a8377e042be234925a89cd99) Importer(815301076,1909f56bfc062723c751e8b465ee728b)  -> (artifact id: '905243e99fc5d229d4c14a3fd57b09ef') in 0.022326 seconds
Number of updated asset objects reloaded before import = 0
Number of asset objects unloaded after import = 3
========================================================================
Received Import Request.
  Time since last request: 0.000012 seconds.
  path: Assets/20 Logos PSD/PNG/Title 10.png
  artifactKey: Guid(d17b68aa9db9e0f4287741c9ab9e0e73) Importer(815301076,1909f56bfc062723c751e8b465ee728b)
Start importing Assets/20 Logos PSD/PNG/Title 10.png using Guid(d17b68aa9db9e0f4287741c9ab9e0e73) Importer(815301076,1909f56bfc062723c751e8b465ee728b)  -> (artifact id: 'e31f3894f79458eb341ef5df8f605d9c') in 0.019618 seconds
Number of updated asset objects reloaded before import = 0
Number of asset objects unloaded after import = 3
========================================================================
Received Import Request.
  Time since last request: 0.000013 seconds.
  path: Assets/20 Logos PSD/PNG/Title 17.png
  artifactKey: Guid(dbf41ce47e480e9409e939b9fb3265a8) Importer(815301076,1909f56bfc062723c751e8b465ee728b)
Start importing Assets/20 Logos PSD/PNG/Title 17.png using Guid(dbf41ce47e480e9409e939b9fb3265a8) Importer(815301076,1909f56bfc062723c751e8b465ee728b)  -> (artifact id: '381cc86dff3994ecaca8b727d29ddabd') in 0.019489 seconds
Number of updated asset objects reloaded before import = 0
Number of asset objects unloaded after import = 3
========================================================================
Received Import Request.
  Time since last request: 0.000012 seconds.
  path: Assets/20 Logos PSD/PNG/Title 15.png
  artifactKey: Guid(2441113a79c7f9e47a83a49f54b3915c) Importer(815301076,1909f56bfc062723c751e8b465ee728b)
Start importing Assets/20 Logos PSD/PNG/Title 15.png using Guid(2441113a79c7f9e47a83a49f54b3915c) Importer(815301076,1909f56bfc062723c751e8b465ee728b)  -> (artifact id: '53c9d1991139867b28237c509e541cb5') in 0.018772 seconds
Number of updated asset objects reloaded before import = 0
Number of asset objects unloaded after import = 3
========================================================================
Received Import Request.
  Time since last request: 0.000012 seconds.
  path: Assets/20 Logos PSD/PNG/Title 3.png
  artifactKey: Guid(d95e96013c13ef84d9044e7de4993bf5) Importer(815301076,1909f56bfc062723c751e8b465ee728b)
Start importing Assets/20 Logos PSD/PNG/Title 3.png using Guid(d95e96013c13ef84d9044e7de4993bf5) Importer(815301076,1909f56bfc062723c751e8b465ee728b)  -> (artifact id: '1c3ab7afab00d6ceffa68478b380659f') in 0.019805 seconds
Number of updated asset objects reloaded before import = 0
Number of asset objects unloaded after import = 3
========================================================================
Received Import Request.
  Time since last request: 10.046188 seconds.
  path: Assets/20 Logos PSD/PNG/Title 19.png
  artifactKey: Guid(7e4898c917c0d4b40a8f5d10b6a6f516) Importer(815301076,1909f56bfc062723c751e8b465ee728b)
Start importing Assets/20 Logos PSD/PNG/Title 19.png using Guid(7e4898c917c0d4b40a8f5d10b6a6f516) Importer(815301076,1909f56bfc062723c751e8b465ee728b)  -> (artifact id: '72ad6de6dbb77c5a87dc0b2e1f1f886f') in 0.054866 seconds
Number of updated asset objects reloaded before import = 0
Number of asset objects unloaded after import = 3
Editor requested this worker to shutdown with reason: Scaling down because of idle timeout
TcpMessagingSession - receive error: operation aborted. errorcode: 995, details: Bir i parac k veya bir uygulama istei nedeniyle G/ ilemi iptal edildi.
AssetImportWorker is now disconnected from the server
Process exiting
Exiting without the bug reporter. Application will terminate with return code 0