Using pre-set license
Built from '2022.3/release' branch; Version is '2022.3.12f1 (4fe6e059c7ef) revision 5236448'; Using compiler version '192829333'; Build Type 'Release'
OS: 'Windows 10  (10.0.19045) 64bit Professional' Language: 'tr' Physical Memory: 16296 MB
BatchMode: 1, IsHumanControllingUs: 0, StartBugReporterOnCrash: 0, Is64bit: 1, IsPro: 1

COMMAND LINE ARGUMENTS:
C:\Program Files\Unity\Hub\Editor\2022.3.12f1\Editor\Unity.exe
-adb2
-batchMode
-noUpm
-name
AssetImportWorker3
-projectPath
C:/Users/UÄŸurcan/mobileMenu
-logFile
Logs/AssetImportWorker3.log
-srvPort
55026
Successfully changed project path to: C:/Users/UÄŸurcan/mobileMenu
C:/Users/UÄŸurcan/mobileMenu
[UnityMemory] Configuration Parameters - Can be set up in boot.config
    "memorysetup-bucket-allocator-granularity=16"
    "memorysetup-bucket-allocator-bucket-count=8"
    "memorysetup-bucket-allocator-block-size=33554432"
    "memorysetup-bucket-allocator-block-count=8"
    "memorysetup-main-allocator-block-size=16777216"
    "memorysetup-thread-allocator-block-size=16777216"
    "memorysetup-gfx-main-allocator-block-size=16777216"
    "memorysetup-gfx-thread-allocator-block-size=16777216"
    "memorysetup-cache-allocator-block-size=4194304"
    "memorysetup-typetree-allocator-block-size=2097152"
    "memorysetup-profiler-bucket-allocator-granularity=16"
    "memorysetup-profiler-bucket-allocator-bucket-count=8"
    "memorysetup-profiler-bucket-allocator-block-size=33554432"
    "memorysetup-profiler-bucket-allocator-block-count=8"
    "memorysetup-profiler-allocator-block-size=16777216"
    "memorysetup-profiler-editor-allocator-block-size=1048576"
    "memorysetup-temp-allocator-size-main=16777216"
    "memorysetup-job-temp-allocator-block-size=2097152"
    "memorysetup-job-temp-allocator-block-size-background=1048576"
    "memorysetup-job-temp-allocator-reduction-small-platforms=262144"
    "memorysetup-allocator-temp-initial-block-size-main=262144"
    "memorysetup-allocator-temp-initial-block-size-worker=262144"
    "memorysetup-temp-allocator-size-background-worker=32768"
    "memorysetup-temp-allocator-size-job-worker=262144"
    "memorysetup-temp-allocator-size-preload-manager=33554432"
    "memorysetup-temp-allocator-size-nav-mesh-worker=65536"
    "memorysetup-temp-allocator-size-audio-worker=65536"
    "memorysetup-temp-allocator-size-cloud-worker=32768"
    "memorysetup-temp-allocator-size-gi-baking-worker=262144"
    "memorysetup-temp-allocator-size-gfx=262144"
Player connection [19496] Host "[IP] 192.168.0.30 [Port] 0 [Flags] 2 [Guid] 699193343 [EditorId] 699193343 [Version] 1048832 [Id] WindowsEditor(7,DESKTOP-V5R8UQS) [Debug] 1 [PackageName] WindowsEditor [ProjectName] Editor" joined multi-casting on [225.0.0.222:54997]...

Player connection [19496] Host "[IP] 192.168.0.30 [Port] 0 [Flags] 2 [Guid] 699193343 [EditorId] 699193343 [Version] 1048832 [Id] WindowsEditor(7,DESKTOP-V5R8UQS) [Debug] 1 [PackageName] WindowsEditor [ProjectName] Editor" joined alternative multi-casting on [225.0.0.222:34997]...

[Physics::Module] Initialized MultithreadedJobDispatcher with 11 workers.
Refreshing native plugins compatible for Editor in 7.87 ms, found 3 plugins.
Preloading 0 native plugins for Editor in 0.00 ms.
Initialize engine version: 2022.3.12f1 (4fe6e059c7ef)
[Subsystems] Discovering subsystems at path C:/Program Files/Unity/Hub/Editor/2022.3.12f1/Editor/Data/Resources/UnitySubsystems
[Subsystems] Discovering subsystems at path C:/Users/UÄŸurcan/mobileMenu/Assets
GfxDevice: creating device client; threaded=0; jobified=0
Direct3D:
    Version:  Direct3D 11.0 [level 11.1]
    Renderer: NVIDIA GeForce RTX 2060 SUPER (ID=0x1f06)
    Vendor:   NVIDIA
    VRAM:     8019 MB
    Driver:   31.0.15.4592
Initialize mono
Mono path[0] = 'C:/Program Files/Unity/Hub/Editor/2022.3.12f1/Editor/Data/Managed'
Mono path[1] = 'C:/Program Files/Unity/Hub/Editor/2022.3.12f1/Editor/Data/MonoBleedingEdge/lib/mono/unityjit-win32'
Mono config path = 'C:/Program Files/Unity/Hub/Editor/2022.3.12f1/Editor/Data/MonoBleedingEdge/etc'
Using monoOptions --debugger-agent=transport=dt_socket,embedding=1,server=y,suspend=n,address=127.0.0.1:56836
Begin MonoManager ReloadAssembly
Registering precompiled unity dll's ...
Register platform support module: C:/Program Files/Unity/Hub/Editor/2022.3.12f1/Editor/Data/PlaybackEngines/WebGLSupport/UnityEditor.WebGL.Extensions.dll
Register platform support module: C:/Program Files/Unity/Hub/Editor/2022.3.12f1/Editor/Data/PlaybackEngines/WindowsStandaloneSupport/UnityEditor.WindowsStandalone.Extensions.dll
Registered in 0.008957 seconds.
- Loaded All Assemblies, in  0.304 seconds
Native extension for WindowsStandalone target not found
Native extension for WebGL target not found
Mono: successfully reloaded assembly
- Finished resetting the current domain, in  0.226 seconds
Domain Reload Profiling: 528ms
	BeginReloadAssembly (87ms)
		ExecutionOrderSort (0ms)
		DisableScriptedObjects (0ms)
		BackupInstance (0ms)
		ReleaseScriptingObjects (0ms)
		CreateAndSetChildDomain (1ms)
	RebuildCommonClasses (30ms)
	RebuildNativeTypeToScriptingClass (10ms)
	initialDomainReloadingComplete (53ms)
	LoadAllAssembliesAndSetupDomain (121ms)
		LoadAssemblies (85ms)
		RebuildTransferFunctionScriptingTraits (0ms)
		AnalyzeDomain (119ms)
			TypeCache.Refresh (118ms)
				TypeCache.ScanAssembly (108ms)
			ScanForSourceGeneratedMonoScriptInfo (0ms)
			ResolveRequiredComponents (0ms)
	FinalizeReload (226ms)
		ReleaseScriptCaches (0ms)
		RebuildScriptCaches (0ms)
		SetupLoadedEditorAssemblies (171ms)
			LogAssemblyErrors (0ms)
			InitializePlatformSupportModulesInManaged (10ms)
			SetLoadedEditorAssemblies (5ms)
			RefreshPlugins (0ms)
			BeforeProcessingInitializeOnLoad (2ms)
			ProcessInitializeOnLoadAttributes (112ms)
			ProcessInitializeOnLoadMethodAttributes (42ms)
			AfterProcessingInitializeOnLoad (0ms)
			EditorAssembliesLoaded (0ms)
		ExecutionOrderSort2 (0ms)
		AwakeInstancesAfterBackupRestoration (0ms)
========================================================================
Worker process is ready to serve import requests
Begin MonoManager ReloadAssembly
- Loaded All Assemblies, in  0.503 seconds
Refreshing native plugins compatible for Editor in 2.55 ms, found 3 plugins.
Native extension for WindowsStandalone target not found
Native extension for WebGL target not found
Package Manager log level set to [2]
[Package Manager] Server::EnsureServerProcessIsRunning -- launch failed, reason: Unity was launched with the -noUpm command-line argument
[Package Manager] UpmClient::Send -- Unable to send message (not connected to UPM process).
[Package Manager] Cannot connect to Unity Package Manager local server
Mono: successfully reloaded assembly
- Finished resetting the current domain, in  0.449 seconds
Domain Reload Profiling: 950ms
	BeginReloadAssembly (131ms)
		ExecutionOrderSort (0ms)
		DisableScriptedObjects (5ms)
		BackupInstance (0ms)
		ReleaseScriptingObjects (0ms)
		CreateAndSetChildDomain (17ms)
	RebuildCommonClasses (29ms)
	RebuildNativeTypeToScriptingClass (10ms)
	initialDomainReloadingComplete (36ms)
	LoadAllAssembliesAndSetupDomain (295ms)
		LoadAssemblies (216ms)
		RebuildTransferFunctionScriptingTraits (0ms)
		AnalyzeDomain (147ms)
			TypeCache.Refresh (131ms)
				TypeCache.ScanAssembly (119ms)
			ScanForSourceGeneratedMonoScriptInfo (11ms)
			ResolveRequiredComponents (4ms)
	FinalizeReload (449ms)
		ReleaseScriptCaches (0ms)
		RebuildScriptCaches (0ms)
		SetupLoadedEditorAssemblies (328ms)
			LogAssemblyErrors (0ms)
			InitializePlatformSupportModulesInManaged (6ms)
			SetLoadedEditorAssemblies (3ms)
			RefreshPlugins (0ms)
			BeforeProcessingInitializeOnLoad (50ms)
			ProcessInitializeOnLoadAttributes (246ms)
			ProcessInitializeOnLoadMethodAttributes (16ms)
			AfterProcessingInitializeOnLoad (6ms)
			EditorAssembliesLoaded (0ms)
		ExecutionOrderSort2 (0ms)
		AwakeInstancesAfterBackupRestoration (5ms)
Launched and connected shader compiler UnityShaderCompiler.exe after 0.03 seconds
Refreshing native plugins compatible for Editor in 3.18 ms, found 3 plugins.
Preloading 0 native plugins for Editor in 0.00 ms.
Unloading 3097 Unused Serialized files (Serialized files now loaded: 0)
Unloading 32 unused Assets / (57.2 KB). Loaded Objects now: 3559.
Memory consumption went from 125.2 MB to 125.1 MB.
Total: 2.921500 ms (FindLiveObjects: 0.258700 ms CreateObjectMapping: 0.083700 ms MarkObjects: 2.454100 ms  DeleteObjects: 0.123600 ms)

AssetImportParameters requested are different than current active one (requested -> active):
  custom:container-demuxer-ogg: 62fdf1f143b41e24485cea50d1cbac27 -> 
  custom:video-decoder-ogg-theora: a1e56fd34408186e4bbccfd4996cb3dc -> 
  custom:framework-win-MediaFoundation: 216162199b28c13a410421893ffa2e32 -> 
  custom:CustomObjectIndexerAttribute: 756ad292c208cfabdd7b50bc23989ffe -> 
  custom:container-demuxer-webm: 4f35f7cbe854078d1ac9338744f61a02 -> 
  custom:container-muxer-webm: aa71ff27fc2769a1b78a27578f13a17b -> 
  custom:video-decoder-webm-vp8: 9c59270c3fd7afecdb556c50c9e8de78 -> 
  custom:SearchIndexIgnoredProperties: e643bd26f0fe6173181afceb89e7c659 -> 
  custom:AudioImporter_EditorPlatform: d09bf68614088b80899f8185d706f6e7 -> 
  custom:video-encoder-webm-vp8: eb34c28f22e8b96e1ab97ce403110664 -> 
  custom:audio-decoder-ogg-vorbis: bf7c407c2cedff20999df2af8eb42d56 -> 
  custom:audio-encoder-webm-vorbis: bf7c407c2cedff20999df2af8eb42d56 -> 
========================================================================
Received Import Request.
  Time since last request: 162719.373457 seconds.
  path: Assets/RPG&Fantasy Mobile GUI/texts/text_07.png
  artifactKey: Guid(e747767525e79a371b08c604dec13b60) Importer(815301076,1909f56bfc062723c751e8b465ee728b)
Start importing Assets/RPG&Fantasy Mobile GUI/texts/text_07.png using Guid(e747767525e79a371b08c604dec13b60) Importer(815301076,1909f56bfc062723c751e8b465ee728b)  -> (artifact id: '4a997b2d85b9dc2f3a5aa65435775e3e') in 0.100793 seconds
Number of updated asset objects reloaded before import = 0
Number of asset objects unloaded after import = 3
========================================================================
Received Import Request.
  Time since last request: 0.975231 seconds.
  path: Assets/RPG&Fantasy Mobile GUI/symbols/symbol_01.png
  artifactKey: Guid(40139d4cad125c883a16bfb95a3d86b3) Importer(815301076,1909f56bfc062723c751e8b465ee728b)
Start importing Assets/RPG&Fantasy Mobile GUI/symbols/symbol_01.png using Guid(40139d4cad125c883a16bfb95a3d86b3) Importer(815301076,1909f56bfc062723c751e8b465ee728b)  -> (artifact id: '8cbc530b6077904f911ad41a85c1ed10') in 0.028403 seconds
Number of updated asset objects reloaded before import = 0
Number of asset objects unloaded after import = 3
========================================================================
Received Import Request.
  Time since last request: 0.000012 seconds.
  path: Assets/RPG&Fantasy Mobile GUI/symbols/symbol_02.png
  artifactKey: Guid(dd494363038ae5791813ce7d225246aa) Importer(815301076,1909f56bfc062723c751e8b465ee728b)
Start importing Assets/RPG&Fantasy Mobile GUI/symbols/symbol_02.png using Guid(dd494363038ae5791813ce7d225246aa) Importer(815301076,1909f56bfc062723c751e8b465ee728b)  -> (artifact id: '7cc6044e7d7c79f69a02e165963d62f1') in 0.020024 seconds
Number of updated asset objects reloaded before import = 0
Number of asset objects unloaded after import = 3
========================================================================
Received Import Request.
  Time since last request: 0.000014 seconds.
  path: Assets/RPG&Fantasy Mobile GUI/symbols/symbol_10.png
  artifactKey: Guid(5838c1062368559c2b087e8c2bd030ea) Importer(815301076,1909f56bfc062723c751e8b465ee728b)
Start importing Assets/RPG&Fantasy Mobile GUI/symbols/symbol_10.png using Guid(5838c1062368559c2b087e8c2bd030ea) Importer(815301076,1909f56bfc062723c751e8b465ee728b)  -> (artifact id: '738e0341e7ae7496a3736c484daa3288') in 0.025626 seconds
Number of updated asset objects reloaded before import = 0
Number of asset objects unloaded after import = 3
========================================================================
Received Import Request.
  Time since last request: 0.000018 seconds.
  path: Assets/RPG&Fantasy Mobile GUI/symbols/symbol_03.png
  artifactKey: Guid(fced4683bdee91a50acbfcceea9d9076) Importer(815301076,1909f56bfc062723c751e8b465ee728b)
Start importing Assets/RPG&Fantasy Mobile GUI/symbols/symbol_03.png using Guid(fced4683bdee91a50acbfcceea9d9076) Importer(815301076,1909f56bfc062723c751e8b465ee728b)  -> (artifact id: 'af3ea2e0203aa3413f59a6316b9e6b93') in 0.021931 seconds
Number of updated asset objects reloaded before import = 0
Number of asset objects unloaded after import = 3
========================================================================
Received Import Request.
  Time since last request: 1.353117 seconds.
  path: Assets/RPG&Fantasy Mobile GUI/ready_buttons/ready_button_03.png
  artifactKey: Guid(3db3adced33db826180c67b73e14ef28) Importer(815301076,1909f56bfc062723c751e8b465ee728b)
Start importing Assets/RPG&Fantasy Mobile GUI/ready_buttons/ready_button_03.png using Guid(3db3adced33db826180c67b73e14ef28) Importer(815301076,1909f56bfc062723c751e8b465ee728b)  -> (artifact id: 'd6cee364a21ec232700c98a1cd4a10d7') in 0.026457 seconds
Number of updated asset objects reloaded before import = 0
Number of asset objects unloaded after import = 3
========================================================================
Received Import Request.
  Time since last request: 0.000014 seconds.
  path: Assets/RPG&Fantasy Mobile GUI/ready_buttons/ready_button_07.png
  artifactKey: Guid(9599e9e8f91ca770e9bbc4dc3a6e10fd) Importer(815301076,1909f56bfc062723c751e8b465ee728b)
Start importing Assets/RPG&Fantasy Mobile GUI/ready_buttons/ready_button_07.png using Guid(9599e9e8f91ca770e9bbc4dc3a6e10fd) Importer(815301076,1909f56bfc062723c751e8b465ee728b)  -> (artifact id: 'b8a140fa2b8df6073deec4bfd8b093b7') in 0.032997 seconds
Number of updated asset objects reloaded before import = 0
Number of asset objects unloaded after import = 3
========================================================================
Received Import Request.
  Time since last request: 0.000012 seconds.
  path: Assets/RPG&Fantasy Mobile GUI/ready_buttons/ready_button_12.png
  artifactKey: Guid(3a201b7702298824aa46c2418c34e848) Importer(815301076,1909f56bfc062723c751e8b465ee728b)
Start importing Assets/RPG&Fantasy Mobile GUI/ready_buttons/ready_button_12.png using Guid(3a201b7702298824aa46c2418c34e848) Importer(815301076,1909f56bfc062723c751e8b465ee728b)  -> (artifact id: '07cc9ad158ca5a529831879184e555f3') in 0.026071 seconds
Number of updated asset objects reloaded before import = 0
Number of asset objects unloaded after import = 3
========================================================================
Received Import Request.
  Time since last request: 0.000015 seconds.
  path: Assets/RPG&Fantasy Mobile GUI/ready_buttons/ready_button_06.png
  artifactKey: Guid(f09c001913cac0ce8a6cdc4afc361491) Importer(815301076,1909f56bfc062723c751e8b465ee728b)
Start importing Assets/RPG&Fantasy Mobile GUI/ready_buttons/ready_button_06.png using Guid(f09c001913cac0ce8a6cdc4afc361491) Importer(815301076,1909f56bfc062723c751e8b465ee728b)  -> (artifact id: '5914528690e8f80c7fcb259f5dece51c') in 0.023613 seconds
Number of updated asset objects reloaded before import = 0
Number of asset objects unloaded after import = 3
========================================================================
Received Import Request.
  Time since last request: 0.000021 seconds.
  path: Assets/RPG&Fantasy Mobile GUI/ready_buttons/ready_button_pressed05.png
  artifactKey: Guid(704d14828e7ac360c977f4d3786f21b4) Importer(815301076,1909f56bfc062723c751e8b465ee728b)
Start importing Assets/RPG&Fantasy Mobile GUI/ready_buttons/ready_button_pressed05.png using Guid(704d14828e7ac360c977f4d3786f21b4) Importer(815301076,1909f56bfc062723c751e8b465ee728b)  -> (artifact id: '2b829d44147a0a6e737cd365fdf54d14') in 0.024397 seconds
Number of updated asset objects reloaded before import = 0
Number of asset objects unloaded after import = 3
========================================================================
Received Import Request.
  Time since last request: 0.000021 seconds.
  path: Assets/RPG&Fantasy Mobile GUI/ready_buttons/ready_button_pressed04.png
  artifactKey: Guid(28a1254d2c53df7cba0c9457f15538c6) Importer(815301076,1909f56bfc062723c751e8b465ee728b)
Start importing Assets/RPG&Fantasy Mobile GUI/ready_buttons/ready_button_pressed04.png using Guid(28a1254d2c53df7cba0c9457f15538c6) Importer(815301076,1909f56bfc062723c751e8b465ee728b)  -> (artifact id: 'a3b7d7a2207f6fbd63bdc9009e187ea3') in 0.019994 seconds
Number of updated asset objects reloaded before import = 0
Number of asset objects unloaded after import = 3
========================================================================
Received Import Request.
  Time since last request: 1.414539 seconds.
  path: Assets/RPG&Fantasy Mobile GUI/panels/panel_03.png
  artifactKey: Guid(9f25b2901468c6fdb9aeac1f2b006f12) Importer(815301076,1909f56bfc062723c751e8b465ee728b)
Start importing Assets/RPG&Fantasy Mobile GUI/panels/panel_03.png using Guid(9f25b2901468c6fdb9aeac1f2b006f12) Importer(815301076,1909f56bfc062723c751e8b465ee728b)  -> (artifact id: '70947eefd42925ad96ec430c313c5a7b') in 0.061665 seconds
Number of updated asset objects reloaded before import = 0
Number of asset objects unloaded after import = 3
========================================================================
Received Import Request.
  Time since last request: 0.000020 seconds.
  path: Assets/RPG&Fantasy Mobile GUI/panels/panel_08.png
  artifactKey: Guid(8449424130366669394c047eb2dda9ff) Importer(815301076,1909f56bfc062723c751e8b465ee728b)
Start importing Assets/RPG&Fantasy Mobile GUI/panels/panel_08.png using Guid(8449424130366669394c047eb2dda9ff) Importer(815301076,1909f56bfc062723c751e8b465ee728b)  -> (artifact id: '3d7b0bf1e1434b6edc33698e4be94244') in 0.022069 seconds
Number of updated asset objects reloaded before import = 0
Number of asset objects unloaded after import = 3
========================================================================
Received Import Request.
  Time since last request: 0.992382 seconds.
  path: Assets/RPG&Fantasy Mobile GUI/panel_elements/box_slider_fill_02.png
  artifactKey: Guid(d06fa5eb5de6dcbb782d9dc3a56766b2) Importer(815301076,1909f56bfc062723c751e8b465ee728b)
Start importing Assets/RPG&Fantasy Mobile GUI/panel_elements/box_slider_fill_02.png using Guid(d06fa5eb5de6dcbb782d9dc3a56766b2) Importer(815301076,1909f56bfc062723c751e8b465ee728b)  -> (artifact id: 'f8836501ed794f4ca2677b5161c7e127') in 0.025921 seconds
Number of updated asset objects reloaded before import = 0
Number of asset objects unloaded after import = 3
========================================================================
Received Import Request.
  Time since last request: 0.000016 seconds.
  path: Assets/RPG&Fantasy Mobile GUI/panel_elements/item_sword.png
  artifactKey: Guid(df03211313565c20ab3d04f51bea5707) Importer(815301076,1909f56bfc062723c751e8b465ee728b)
Start importing Assets/RPG&Fantasy Mobile GUI/panel_elements/item_sword.png using Guid(df03211313565c20ab3d04f51bea5707) Importer(815301076,1909f56bfc062723c751e8b465ee728b)  -> (artifact id: '8905b10fd8a9694452b9d40b890767b9') in 0.032674 seconds
Number of updated asset objects reloaded before import = 0
Number of asset objects unloaded after import = 3
========================================================================
Received Import Request.
  Time since last request: 0.000014 seconds.
  path: Assets/RPG&Fantasy Mobile GUI/panel_elements/curved_slider.png
  artifactKey: Guid(e99166f435b24d233bc3c384827af08c) Importer(815301076,1909f56bfc062723c751e8b465ee728b)
Start importing Assets/RPG&Fantasy Mobile GUI/panel_elements/curved_slider.png using Guid(e99166f435b24d233bc3c384827af08c) Importer(815301076,1909f56bfc062723c751e8b465ee728b)  -> (artifact id: 'ea85330aefbab8c2a5f650029a5071d4') in 0.020335 seconds
Number of updated asset objects reloaded before import = 0
Number of asset objects unloaded after import = 3
========================================================================
Received Import Request.
  Time since last request: 0.000013 seconds.
  path: Assets/RPG&Fantasy Mobile GUI/panel_elements/g8840.png
  artifactKey: Guid(5018cb8231e21160db165deace3b124c) Importer(815301076,1909f56bfc062723c751e8b465ee728b)
Start importing Assets/RPG&Fantasy Mobile GUI/panel_elements/g8840.png using Guid(5018cb8231e21160db165deace3b124c) Importer(815301076,1909f56bfc062723c751e8b465ee728b)  -> (artifact id: 'ed28da9d1922bdb6cd9b7b3d20b3e789') in 0.031762 seconds
Number of updated asset objects reloaded before import = 0
Number of asset objects unloaded after import = 3
========================================================================
Received Import Request.
  Time since last request: 0.000015 seconds.
  path: Assets/RPG&Fantasy Mobile GUI/panel_elements/item_book.png
  artifactKey: Guid(8fdbda3895f7e10cdb68de13f841ebfd) Importer(815301076,1909f56bfc062723c751e8b465ee728b)
Start importing Assets/RPG&Fantasy Mobile GUI/panel_elements/item_book.png using Guid(8fdbda3895f7e10cdb68de13f841ebfd) Importer(815301076,1909f56bfc062723c751e8b465ee728b)  -> (artifact id: '34ec4a316ceef3f32cf54d337b099797') in 0.033079 seconds
Number of updated asset objects reloaded before import = 0
Number of asset objects unloaded after import = 3
========================================================================
Received Import Request.
  Time since last request: 0.720518 seconds.
  path: Assets/RPG&Fantasy Mobile GUI/icons/icon_03.png
  artifactKey: Guid(384d0b8e40e6d568eb521067c978c70a) Importer(815301076,1909f56bfc062723c751e8b465ee728b)
Start importing Assets/RPG&Fantasy Mobile GUI/icons/icon_03.png using Guid(384d0b8e40e6d568eb521067c978c70a) Importer(815301076,1909f56bfc062723c751e8b465ee728b)  -> (artifact id: 'fd7cd41823f0cf15eb16da0ed9fcd1cf') in 0.021520 seconds
Number of updated asset objects reloaded before import = 0
Number of asset objects unloaded after import = 3
========================================================================
Received Import Request.
  Time since last request: 0.000017 seconds.
  path: Assets/RPG&Fantasy Mobile GUI/icons/icon_16.png
  artifactKey: Guid(a9d007bda3f468fc58ef3771fd2f139d) Importer(815301076,1909f56bfc062723c751e8b465ee728b)
Start importing Assets/RPG&Fantasy Mobile GUI/icons/icon_16.png using Guid(a9d007bda3f468fc58ef3771fd2f139d) Importer(815301076,1909f56bfc062723c751e8b465ee728b)  -> (artifact id: '371e77c4ecc411b2daef809c3917ab38') in 0.022933 seconds
Number of updated asset objects reloaded before import = 0
Number of asset objects unloaded after import = 3
========================================================================
Received Import Request.
  Time since last request: 0.000031 seconds.
  path: Assets/RPG&Fantasy Mobile GUI/icons/icon_14.png
  artifactKey: Guid(0e6653553eb7437bd8558485ca0ea763) Importer(815301076,1909f56bfc062723c751e8b465ee728b)
Start importing Assets/RPG&Fantasy Mobile GUI/icons/icon_14.png using Guid(0e6653553eb7437bd8558485ca0ea763) Importer(815301076,1909f56bfc062723c751e8b465ee728b)  -> (artifact id: 'bba8d15a164264460ef00a1025768416') in 0.019833 seconds
Number of updated asset objects reloaded before import = 0
Number of asset objects unloaded after import = 3
========================================================================
Received Import Request.
  Time since last request: 0.000019 seconds.
  path: Assets/RPG&Fantasy Mobile GUI/icons/icon_15.png
  artifactKey: Guid(5e28688c573197cda85d386c6323d172) Importer(815301076,1909f56bfc062723c751e8b465ee728b)
Start importing Assets/RPG&Fantasy Mobile GUI/icons/icon_15.png using Guid(5e28688c573197cda85d386c6323d172) Importer(815301076,1909f56bfc062723c751e8b465ee728b)  -> (artifact id: '951e49f399675775ef2c04560b515424') in 0.020845 seconds
Number of updated asset objects reloaded before import = 0
Number of asset objects unloaded after import = 3
========================================================================
Received Import Request.
  Time since last request: 0.000019 seconds.
  path: Assets/RPG&Fantasy Mobile GUI/icons/icon_11.png
  artifactKey: Guid(6210e6a50d301ded4acb8f2ef01d5e25) Importer(815301076,1909f56bfc062723c751e8b465ee728b)
Start importing Assets/RPG&Fantasy Mobile GUI/icons/icon_11.png using Guid(6210e6a50d301ded4acb8f2ef01d5e25) Importer(815301076,1909f56bfc062723c751e8b465ee728b)  -> (artifact id: '4ec76711a96f5e8edc9c43f0853d1ddd') in 0.019009 seconds
Number of updated asset objects reloaded before import = 0
Number of asset objects unloaded after import = 3
========================================================================
Received Import Request.
  Time since last request: 0.000017 seconds.
  path: Assets/RPG&Fantasy Mobile GUI/icons/icon_07.png
  artifactKey: Guid(a61b52614a463af0a916c2f337bb7416) Importer(815301076,1909f56bfc062723c751e8b465ee728b)
Start importing Assets/RPG&Fantasy Mobile GUI/icons/icon_07.png using Guid(a61b52614a463af0a916c2f337bb7416) Importer(815301076,1909f56bfc062723c751e8b465ee728b)  -> (artifact id: '755d334508f17c702fe5fe9d71dd06ae') in 0.020835 seconds
Number of updated asset objects reloaded before import = 0
Number of asset objects unloaded after import = 3
Editor requested this worker to shutdown with reason: Scaling down because of idle timeout
TcpMessagingSession - receive error: operation aborted. errorcode: 995, details: Bir iþ parçacýðý çýkýþý veya bir uygulama isteði nedeniyle G/Ç iþlemi iptal edildi.
AssetImportWorker is now disconnected from the server
Process exiting
Exiting without the bug reporter. Application will terminate with return code 0